[I 2023-02-27 15:38:39.883 ServerApp] jupyterlab | extension was successfully linked.
[I 2023-02-27 15:38:39.883 ServerApp] jupytext | extension was successfully linked.
[I 2023-02-27 15:38:39.885 ServerApp] nbclassic | extension was successfully linked.
[I 2023-02-27 15:38:40.030 ServerApp] notebook_shim | extension was successfully linked.
[I 2023-02-27 15:38:40.057 ServerApp] notebook_shim | extension was successfully loaded.
[I 2023-02-27 15:38:40.057 LabApp] JupyterLab extension loaded from /home/cossart/anaconda3/envs/dj_cossart/lib/python3.8/site-packages/jupyterlab
[I 2023-02-27 15:38:40.057 LabApp] JupyterLab application directory is /home/cossart/anaconda3/envs/dj_cossart/share/jupyter/lab
[I 2023-02-27 15:38:40.059 ServerApp] jupyterlab | extension was successfully loaded.
[I 2023-02-27 15:38:40.059 ServerApp] [Jupytext Server Extension] Deriving a JupytextContentsManager from LargeFileManager
[I 2023-02-27 15:38:40.060 ServerApp] jupytext | extension was successfully loaded.
[I 2023-02-27 15:38:40.062 ServerApp] nbclassic | extension was successfully loaded.
[I 2023-02-27 15:38:40.063 ServerApp] Serving notebooks from local directory: /home/cossart/dj_cossart
[I 2023-02-27 15:38:40.063 ServerApp] Jupyter Server 1.23.4 is running at:
[I 2023-02-27 15:38:40.063 ServerApp] http://localhost:8888/lab?token=d3f3bb76689a77413ca5b4335562bc2ed76b0fc6cb80a647
[I 2023-02-27 15:38:40.063 ServerApp]  or http://127.0.0.1:8888/lab?token=d3f3bb76689a77413ca5b4335562bc2ed76b0fc6cb80a647
[I 2023-02-27 15:38:40.063 ServerApp] Use Control-C to stop this server and shut down all kernels (twice to skip confirmation).
[C 2023-02-27 15:38:40.065 ServerApp] 
    
    To access the server, open this file in a browser:
        file:///home/cossart/.local/share/jupyter/runtime/jpserver-30560-open.html
    Or copy and paste one of these URLs:
        http://localhost:8888/lab?token=d3f3bb76689a77413ca5b4335562bc2ed76b0fc6cb80a647
     or http://127.0.0.1:8888/lab?token=d3f3bb76689a77413ca5b4335562bc2ed76b0fc6cb80a647
[W 2023-02-27 15:38:42.504 ServerApp] 404 GET /api/kernels/8a0e3f74-f54a-49d3-8185-2708f0ebb69f?1677508729435 (127.0.0.1): Kernel does not exist: 8a0e3f74-f54a-49d3-8185-2708f0ebb69f
[W 2023-02-27 15:38:42.504 ServerApp] wrote error: 'Kernel does not exist: 8a0e3f74-f54a-49d3-8185-2708f0ebb69f'
[W 2023-02-27 15:38:42.504 ServerApp] 404 GET /api/kernels/8a0e3f74-f54a-49d3-8185-2708f0ebb69f?1677508729435 (127.0.0.1) 0.85ms referer=http://localhost:8888/lab?
[W 2023-02-27 15:38:43.501 ServerApp] 404 GET /api/kernels/8a0e3f74-f54a-49d3-8185-2708f0ebb69f/channels?session_id=ea275a1c-8f15-49b9-beaa-293a4e8f6716 (127.0.0.1): Kernel does not exist: 8a0e3f74-f54a-49d3-8185-2708f0ebb69f
[W 2023-02-27 15:38:43.511 ServerApp] 404 GET /api/kernels/8a0e3f74-f54a-49d3-8185-2708f0ebb69f/channels?session_id=ea275a1c-8f15-49b9-beaa-293a4e8f6716 (127.0.0.1) 10.22ms referer=None
[W 2023-02-27 15:38:43.519 ServerApp] 404 GET /api/kernels/8a0e3f74-f54a-49d3-8185-2708f0ebb69f?1677508730451 (127.0.0.1): Kernel does not exist: 8a0e3f74-f54a-49d3-8185-2708f0ebb69f
[W 2023-02-27 15:38:43.519 ServerApp] wrote error: 'Kernel does not exist: 8a0e3f74-f54a-49d3-8185-2708f0ebb69f'
[W 2023-02-27 15:38:43.519 ServerApp] 404 GET /api/kernels/8a0e3f74-f54a-49d3-8185-2708f0ebb69f?1677508730451 (127.0.0.1) 0.50ms referer=http://localhost:8888/lab?
[W 2023-02-27 15:38:44.503 ServerApp] 404 GET /api/kernels/9bc4a6cf-779e-43f6-a056-d1aafe49ef0d?1677508731433 (127.0.0.1): Kernel does not exist: 9bc4a6cf-779e-43f6-a056-d1aafe49ef0d
[W 2023-02-27 15:38:44.503 ServerApp] wrote error: 'Kernel does not exist: 9bc4a6cf-779e-43f6-a056-d1aafe49ef0d'
[W 2023-02-27 15:38:44.503 ServerApp] 404 GET /api/kernels/9bc4a6cf-779e-43f6-a056-d1aafe49ef0d?1677508731433 (127.0.0.1) 0.91ms referer=http://localhost:8888/lab?
[W 2023-02-27 15:38:44.504 ServerApp] 404 GET /api/kernels/8a0e3f74-f54a-49d3-8185-2708f0ebb69f/channels?session_id=ea275a1c-8f15-49b9-beaa-293a4e8f6716 (127.0.0.1): Kernel does not exist: 8a0e3f74-f54a-49d3-8185-2708f0ebb69f
[W 2023-02-27 15:38:44.505 ServerApp] 404 GET /api/kernels/8a0e3f74-f54a-49d3-8185-2708f0ebb69f/channels?session_id=ea275a1c-8f15-49b9-beaa-293a4e8f6716 (127.0.0.1) 1.68ms referer=None
[W 2023-02-27 15:38:44.512 ServerApp] 404 GET /api/kernels/8a0e3f74-f54a-49d3-8185-2708f0ebb69f?1677508731446 (127.0.0.1): Kernel does not exist: 8a0e3f74-f54a-49d3-8185-2708f0ebb69f
[W 2023-02-27 15:38:44.512 ServerApp] wrote error: 'Kernel does not exist: 8a0e3f74-f54a-49d3-8185-2708f0ebb69f'
[W 2023-02-27 15:38:44.512 ServerApp] 404 GET /api/kernels/8a0e3f74-f54a-49d3-8185-2708f0ebb69f?1677508731446 (127.0.0.1) 0.89ms referer=http://localhost:8888/lab?
[W 2023-02-27 15:38:45.505 ServerApp] 404 GET /api/kernels/9bc4a6cf-779e-43f6-a056-d1aafe49ef0d/channels?session_id=4bf3843d-9e5b-4e8e-ba13-8bd5b4c86741 (127.0.0.1): Kernel does not exist: 9bc4a6cf-779e-43f6-a056-d1aafe49ef0d
[W 2023-02-27 15:38:45.507 ServerApp] 404 GET /api/kernels/9bc4a6cf-779e-43f6-a056-d1aafe49ef0d/channels?session_id=4bf3843d-9e5b-4e8e-ba13-8bd5b4c86741 (127.0.0.1) 3.15ms referer=None
[W 2023-02-27 15:38:45.517 ServerApp] 404 GET /api/kernels/9bc4a6cf-779e-43f6-a056-d1aafe49ef0d?1677508732447 (127.0.0.1): Kernel does not exist: 9bc4a6cf-779e-43f6-a056-d1aafe49ef0d
[W 2023-02-27 15:38:45.518 ServerApp] wrote error: 'Kernel does not exist: 9bc4a6cf-779e-43f6-a056-d1aafe49ef0d'
[W 2023-02-27 15:38:45.518 ServerApp] 404 GET /api/kernels/9bc4a6cf-779e-43f6-a056-d1aafe49ef0d?1677508732447 (127.0.0.1) 1.63ms referer=http://localhost:8888/lab?
[W 2023-02-27 15:38:45.526 ServerApp] 404 GET /api/kernels/8a0e3f74-f54a-49d3-8185-2708f0ebb69f/channels?session_id=ea275a1c-8f15-49b9-beaa-293a4e8f6716 (127.0.0.1): Kernel does not exist: 8a0e3f74-f54a-49d3-8185-2708f0ebb69f
[W 2023-02-27 15:38:45.527 ServerApp] 404 GET /api/kernels/8a0e3f74-f54a-49d3-8185-2708f0ebb69f/channels?session_id=ea275a1c-8f15-49b9-beaa-293a4e8f6716 (127.0.0.1) 2.93ms referer=None
[W 2023-02-27 15:38:45.537 ServerApp] 404 GET /api/kernels/8a0e3f74-f54a-49d3-8185-2708f0ebb69f?1677508732468 (127.0.0.1): Kernel does not exist: 8a0e3f74-f54a-49d3-8185-2708f0ebb69f
[W 2023-02-27 15:38:45.538 ServerApp] wrote error: 'Kernel does not exist: 8a0e3f74-f54a-49d3-8185-2708f0ebb69f'
[W 2023-02-27 15:38:45.538 ServerApp] 404 GET /api/kernels/8a0e3f74-f54a-49d3-8185-2708f0ebb69f?1677508732468 (127.0.0.1) 1.60ms referer=http://localhost:8888/lab?
[W 2023-02-27 15:38:46.524 ServerApp] 404 GET /api/kernels/8a0e3f74-f54a-49d3-8185-2708f0ebb69f?1677508733449 (127.0.0.1): Kernel does not exist: 8a0e3f74-f54a-49d3-8185-2708f0ebb69f
[W 2023-02-27 15:38:46.524 ServerApp] wrote error: 'Kernel does not exist: 8a0e3f74-f54a-49d3-8185-2708f0ebb69f'
[W 2023-02-27 15:38:46.524 ServerApp] 404 GET /api/kernels/8a0e3f74-f54a-49d3-8185-2708f0ebb69f?1677508733449 (127.0.0.1) 1.57ms referer=http://localhost:8888/lab?
[W 2023-02-27 15:38:48.513 LabApp] Could not determine jupyterlab build status without nodejs
[I 2023-02-27 15:38:51.079 ServerApp] Kernel started: 4aeb785b-8169-4ed2-b59c-e9003450f1bb
[I 2023-02-27 15:38:51.120 ServerApp] Kernel started: f57e0d7c-ded2-4fe3-bd5b-2a06fbde2bd3
[I 2023-02-27 15:38:51.121 ServerApp] Kernel started: 6ab7b84d-697a-4896-9ddc-6394f4f45178
[I 2023-02-27 15:38:54.758 ServerApp] Kernel restarted: f57e0d7c-ded2-4fe3-bd5b-2a06fbde2bd3
[I 2023-02-27 15:38:54.984 ServerApp] Starting buffering for f57e0d7c-ded2-4fe3-bd5b-2a06fbde2bd3:4b07a78f-7738-48ef-83ff-e7ff00bf47ff
[I 2023-02-27 15:38:54.994 ServerApp] Restoring connection for f57e0d7c-ded2-4fe3-bd5b-2a06fbde2bd3:4b07a78f-7738-48ef-83ff-e7ff00bf47ff
[W 2023-02-27 15:39:12.636 ServerApp] IOPub data rate exceeded.
    The Jupyter server will temporarily stop sending output
    to the client in order to avoid crashing it.
    To change this limit, set the config variable
    `--ServerApp.iopub_data_rate_limit`.
    
    Current values:
    ServerApp.iopub_data_rate_limit=1000000.0 (bytes/sec)
    ServerApp.rate_limit_window=3.0 (secs)
    
[W 2023-02-27 15:39:12.640 ServerApp] iopub messages resumed
[I 2023-02-27 15:39:17.312 ServerApp] Starting buffering for 6ab7b84d-697a-4896-9ddc-6394f4f45178:a41f68d5-aabd-4f6f-8788-fe4744117ae2
[I 2023-02-27 15:39:17.314 ServerApp] Starting buffering for 4aeb785b-8169-4ed2-b59c-e9003450f1bb:09e61d1b-71e8-4297-b49c-4a73b098515f
[I 2023-02-27 15:39:17.314 ServerApp] Starting buffering for f57e0d7c-ded2-4fe3-bd5b-2a06fbde2bd3:4b07a78f-7738-48ef-83ff-e7ff00bf47ff
[I 2023-02-27 15:40:43.639 ServerApp] 302 GET / (127.0.0.1) 1.32ms
[W 2023-02-27 15:40:45.685 LabApp] Could not determine jupyterlab build status without nodejs
[I 2023-02-27 15:41:49.082 ServerApp] Starting buffering for 6ab7b84d-697a-4896-9ddc-6394f4f45178:f8b535aa-fefb-4e47-a965-8b766abda32c
[I 2023-02-27 15:41:49.083 ServerApp] Starting buffering for 4aeb785b-8169-4ed2-b59c-e9003450f1bb:5a604d70-ba67-4669-8721-b2703db23cf5
[I 2023-02-27 15:41:49.084 ServerApp] Starting buffering for f57e0d7c-ded2-4fe3-bd5b-2a06fbde2bd3:521a075b-ec83-4e36-9d42-707dd0acf82a
[W 2023-02-27 15:41:50.865 LabApp] Could not determine jupyterlab build status without nodejs
[I 2023-02-27 15:42:44.038 ServerApp] Saving file at /notebooks/02_trigger_db_s2p.ipynb
[I 2023-02-27 15:42:44.040 ServerApp] Saving 02_trigger_db_s2p.ipynb
[I 2023-02-27 15:42:44.838 ServerApp] Saving file at /notebooks/02_trigger_db_s2p.ipynb
[I 2023-02-27 15:42:44.840 ServerApp] Saving 02_trigger_db_s2p.ipynb
[I 2023-02-27 15:42:45.040 ServerApp] Saving file at /notebooks/02_trigger_db_s2p.ipynb
[I 2023-02-27 15:42:45.042 ServerApp] Saving 02_trigger_db_s2p.ipynb
[I 2023-02-27 15:42:45.193 ServerApp] Saving file at /notebooks/02_trigger_db_s2p.ipynb
[I 2023-02-27 15:42:45.194 ServerApp] Saving 02_trigger_db_s2p.ipynb
[I 2023-02-27 15:42:48.582 ServerApp] Starting buffering for 4aeb785b-8169-4ed2-b59c-e9003450f1bb:24a35be5-5c67-48d8-a667-260d616e29ec
[I 2023-02-27 15:42:48.583 ServerApp] Starting buffering for f57e0d7c-ded2-4fe3-bd5b-2a06fbde2bd3:bb46399d-00ed-413e-a59e-96ca7850f20b
[I 2023-02-27 15:42:48.584 ServerApp] Starting buffering for 6ab7b84d-697a-4896-9ddc-6394f4f45178:38d9d164-62b3-4881-8e55-c14173867970
[I 2023-02-27 15:43:36.487 ServerApp] 302 GET / (127.0.0.1) 0.76ms
[W 2023-02-27 15:43:36.491 ServerApp] Clearing invalid/expired login cookie username-localhost-8888
[W 2023-02-27 15:43:36.492 LabApp] Clearing invalid/expired login cookie username-localhost-8888
[I 2023-02-27 15:43:36.493 LabApp] 302 GET /lab? (127.0.0.1) 2.01ms
[I 2023-02-27 15:43:44.274 ServerApp] 302 GET /?token=d3f3bb76689a77413ca5b4335562bc2ed76b0fc6cb80a647 (127.0.0.1) 0.83ms
[W 2023-02-27 15:43:45.879 LabApp] Could not determine jupyterlab build status without nodejs
[I 2023-02-27 15:43:56.145 ServerApp] Kernel restarted: f57e0d7c-ded2-4fe3-bd5b-2a06fbde2bd3
[I 2023-02-27 15:43:58.768 ServerApp] Starting buffering for f57e0d7c-ded2-4fe3-bd5b-2a06fbde2bd3:9c0d0a3e-bd05-4f93-9e90-778ea953c802
[I 2023-02-27 15:43:58.773 ServerApp] Restoring connection for f57e0d7c-ded2-4fe3-bd5b-2a06fbde2bd3:9c0d0a3e-bd05-4f93-9e90-778ea953c802
[W 2023-02-27 15:44:17.448 ServerApp] IOPub data rate exceeded.
    The Jupyter server will temporarily stop sending output
    to the client in order to avoid crashing it.
    To change this limit, set the config variable
    `--ServerApp.iopub_data_rate_limit`.
    
    Current values:
    ServerApp.iopub_data_rate_limit=1000000.0 (bytes/sec)
    ServerApp.rate_limit_window=3.0 (secs)
    
[W 2023-02-27 15:44:17.450 ServerApp] iopub messages resumed
[I 2023-02-27 15:45:47.436 ServerApp] Saving file at /notebooks/02_trigger_db_s2p.ipynb
[I 2023-02-27 15:45:47.438 ServerApp] Saving 02_trigger_db_s2p.ipynb
[I 2023-02-27 15:49:47.499 ServerApp] Saving file at /notebooks/02_trigger_db_s2p.ipynb
[I 2023-02-27 15:49:47.500 ServerApp] Saving 02_trigger_db_s2p.ipynb
[I 2023-02-27 15:53:47.556 ServerApp] Saving file at /notebooks/02_trigger_db_s2p.ipynb
[I 2023-02-27 15:53:47.558 ServerApp] Saving 02_trigger_db_s2p.ipynb
[I 2023-02-27 15:59:47.631 ServerApp] Saving file at /notebooks/02_trigger_db_s2p.ipynb
[I 2023-02-27 15:59:47.633 ServerApp] Saving 02_trigger_db_s2p.ipynb
[I 2023-02-27 16:05:47.704 ServerApp] Saving file at /notebooks/02_trigger_db_s2p.ipynb
[I 2023-02-27 16:05:47.706 ServerApp] Saving 02_trigger_db_s2p.ipynb
[I 2023-02-27 16:11:47.779 ServerApp] Saving file at /notebooks/02_trigger_db_s2p.ipynb
[I 2023-02-27 16:11:47.781 ServerApp] Saving 02_trigger_db_s2p.ipynb
[I 2023-02-27 16:15:47.845 ServerApp] Saving file at /notebooks/02_trigger_db_s2p.ipynb
[I 2023-02-27 16:15:47.847 ServerApp] Saving 02_trigger_db_s2p.ipynb
[I 2023-02-27 16:21:47.905 ServerApp] Saving file at /notebooks/02_trigger_db_s2p.ipynb
[I 2023-02-27 16:21:47.906 ServerApp] Saving 02_trigger_db_s2p.ipynb
[I 2023-02-27 16:27:47.978 ServerApp] Saving file at /notebooks/02_trigger_db_s2p.ipynb
[I 2023-02-27 16:27:47.980 ServerApp] Saving 02_trigger_db_s2p.ipynb
[I 2023-02-27 16:33:48.046 ServerApp] Saving file at /notebooks/02_trigger_db_s2p.ipynb
[I 2023-02-27 16:33:48.048 ServerApp] Saving 02_trigger_db_s2p.ipynb
[I 2023-02-27 16:37:48.103 ServerApp] Saving file at /notebooks/02_trigger_db_s2p.ipynb
[I 2023-02-27 16:37:48.104 ServerApp] Saving 02_trigger_db_s2p.ipynb
[I 2023-02-27 16:43:48.177 ServerApp] Saving file at /notebooks/02_trigger_db_s2p.ipynb
[I 2023-02-27 16:43:48.178 ServerApp] Saving 02_trigger_db_s2p.ipynb
[I 2023-02-27 16:49:48.254 ServerApp] Saving file at /notebooks/02_trigger_db_s2p.ipynb
[I 2023-02-27 16:49:48.255 ServerApp] Saving 02_trigger_db_s2p.ipynb
[I 2023-02-27 16:55:48.327 ServerApp] Saving file at /notebooks/02_trigger_db_s2p.ipynb
[I 2023-02-27 16:55:48.328 ServerApp] Saving 02_trigger_db_s2p.ipynb
[I 2023-02-27 17:01:48.393 ServerApp] Saving file at /notebooks/02_trigger_db_s2p.ipynb
[I 2023-02-27 17:01:48.394 ServerApp] Saving 02_trigger_db_s2p.ipynb
[I 2023-02-27 17:05:48.457 ServerApp] Saving file at /notebooks/02_trigger_db_s2p.ipynb
[I 2023-02-27 17:05:48.459 ServerApp] Saving 02_trigger_db_s2p.ipynb
[I 2023-02-27 17:11:48.526 ServerApp] Saving file at /notebooks/02_trigger_db_s2p.ipynb
[I 2023-02-27 17:11:48.528 ServerApp] Saving 02_trigger_db_s2p.ipynb
[I 2023-02-27 17:17:48.592 ServerApp] Saving file at /notebooks/02_trigger_db_s2p.ipynb
[I 2023-02-27 17:17:48.594 ServerApp] Saving 02_trigger_db_s2p.ipynb
[I 2023-02-27 17:23:48.666 ServerApp] Saving file at /notebooks/02_trigger_db_s2p.ipynb
[I 2023-02-27 17:23:48.667 ServerApp] Saving 02_trigger_db_s2p.ipynb
[I 2023-02-27 17:29:48.740 ServerApp] Saving file at /notebooks/02_trigger_db_s2p.ipynb
[I 2023-02-27 17:29:48.742 ServerApp] Saving 02_trigger_db_s2p.ipynb
[I 2023-02-27 17:32:15.316 ServerApp] Starting buffering for f57e0d7c-ded2-4fe3-bd5b-2a06fbde2bd3:9c0d0a3e-bd05-4f93-9e90-778ea953c802
[I 2023-02-27 17:32:15.317 ServerApp] Starting buffering for 6ab7b84d-697a-4896-9ddc-6394f4f45178:e56d28de-3401-4229-a72d-e14e3ab2e6e3
[I 2023-02-27 17:32:15.317 ServerApp] Starting buffering for 4aeb785b-8169-4ed2-b59c-e9003450f1bb:273e1264-8a07-4ab7-a2da-4472afb65cdf
[I 2023-02-27 17:35:15.739 ServerApp] Restoring connection for 4aeb785b-8169-4ed2-b59c-e9003450f1bb:273e1264-8a07-4ab7-a2da-4472afb65cdf
[I 2023-02-27 17:35:15.939 ServerApp] Restoring connection for f57e0d7c-ded2-4fe3-bd5b-2a06fbde2bd3:9c0d0a3e-bd05-4f93-9e90-778ea953c802
[I 2023-02-27 17:35:15.940 ServerApp] Replaying 1 buffered messages
[I 2023-02-27 17:35:17.706 ServerApp] Restoring connection for 6ab7b84d-697a-4896-9ddc-6394f4f45178:e56d28de-3401-4229-a72d-e14e3ab2e6e3
[I 2023-02-27 17:35:48.801 ServerApp] Saving file at /notebooks/02_trigger_db_s2p.ipynb
[I 2023-02-27 17:35:48.803 ServerApp] Saving 02_trigger_db_s2p.ipynb
[I 2023-02-27 17:41:50.441 ServerApp] Saving file at /notebooks/02_trigger_db_s2p.ipynb
[I 2023-02-27 17:41:50.443 ServerApp] Saving 02_trigger_db_s2p.ipynb
[I 2023-02-27 17:49:50.554 ServerApp] Saving file at /notebooks/02_trigger_db_s2p.ipynb
[I 2023-02-27 17:49:50.556 ServerApp] Saving 02_trigger_db_s2p.ipynb
[I 2023-02-27 17:55:50.625 ServerApp] Saving file at /notebooks/02_trigger_db_s2p.ipynb
[I 2023-02-27 17:55:50.627 ServerApp] Saving 02_trigger_db_s2p.ipynb
[I 2023-02-27 18:03:50.748 ServerApp] Saving file at /notebooks/02_trigger_db_s2p.ipynb
[I 2023-02-27 18:03:50.750 ServerApp] Saving 02_trigger_db_s2p.ipynb
[I 2023-02-27 18:09:50.856 ServerApp] Saving file at /notebooks/02_trigger_db_s2p.ipynb
[I 2023-02-27 18:09:50.857 ServerApp] Saving 02_trigger_db_s2p.ipynb
[I 2023-02-27 18:17:50.944 ServerApp] Saving file at /notebooks/02_trigger_db_s2p.ipynb
[I 2023-02-27 18:17:50.946 ServerApp] Saving 02_trigger_db_s2p.ipynb
[I 2023-02-27 18:25:51.053 ServerApp] Saving file at /notebooks/02_trigger_db_s2p.ipynb
[I 2023-02-27 18:25:51.055 ServerApp] Saving 02_trigger_db_s2p.ipynb
[I 2023-02-27 18:31:51.161 ServerApp] Saving file at /notebooks/02_trigger_db_s2p.ipynb
[I 2023-02-27 18:31:51.163 ServerApp] Saving 02_trigger_db_s2p.ipynb
[I 2023-02-27 18:39:51.288 ServerApp] Saving file at /notebooks/02_trigger_db_s2p.ipynb
[I 2023-02-27 18:39:51.289 ServerApp] Saving 02_trigger_db_s2p.ipynb
[I 2023-02-27 18:45:51.417 ServerApp] Saving file at /notebooks/02_trigger_db_s2p.ipynb
[I 2023-02-27 18:45:51.419 ServerApp] Saving 02_trigger_db_s2p.ipynb
[I 2023-02-27 18:53:51.535 ServerApp] Saving file at /notebooks/02_trigger_db_s2p.ipynb
[I 2023-02-27 18:53:51.537 ServerApp] Saving 02_trigger_db_s2p.ipynb
[I 2023-02-27 18:59:51.668 ServerApp] Saving file at /notebooks/02_trigger_db_s2p.ipynb
[I 2023-02-27 18:59:51.670 ServerApp] Saving 02_trigger_db_s2p.ipynb
[I 2023-02-27 19:07:51.763 ServerApp] Saving file at /notebooks/02_trigger_db_s2p.ipynb
[I 2023-02-27 19:07:51.765 ServerApp] Saving 02_trigger_db_s2p.ipynb
[I 2023-02-27 19:13:51.887 ServerApp] Saving file at /notebooks/02_trigger_db_s2p.ipynb
[I 2023-02-27 19:13:51.889 ServerApp] Saving 02_trigger_db_s2p.ipynb
[I 2023-02-27 19:19:51.978 ServerApp] Saving file at /notebooks/02_trigger_db_s2p.ipynb
[I 2023-02-27 19:19:51.979 ServerApp] Saving 02_trigger_db_s2p.ipynb
[I 2023-02-27 19:27:52.076 ServerApp] Saving file at /notebooks/02_trigger_db_s2p.ipynb
[I 2023-02-27 19:27:52.077 ServerApp] Saving 02_trigger_db_s2p.ipynb
[I 2023-02-27 19:31:52.208 ServerApp] Saving file at /notebooks/02_trigger_db_s2p.ipynb
[I 2023-02-27 19:31:52.215 ServerApp] Saving 02_trigger_db_s2p.ipynb
[I 2023-02-27 19:33:52.348 ServerApp] Saving file at /notebooks/02_trigger_db_s2p.ipynb
[I 2023-02-27 19:33:52.350 ServerApp] Saving 02_trigger_db_s2p.ipynb
[I 2023-02-27 19:35:52.468 ServerApp] Saving file at /notebooks/02_trigger_db_s2p.ipynb
[I 2023-02-27 19:35:52.470 ServerApp] Saving 02_trigger_db_s2p.ipynb
[I 2023-02-27 19:37:52.647 ServerApp] Saving file at /notebooks/02_trigger_db_s2p.ipynb
[I 2023-02-27 19:37:52.648 ServerApp] Saving 02_trigger_db_s2p.ipynb
[I 2023-02-27 19:39:52.775 ServerApp] Saving file at /notebooks/02_trigger_db_s2p.ipynb
[I 2023-02-27 19:39:52.776 ServerApp] Saving 02_trigger_db_s2p.ipynb
[I 2023-02-27 19:41:52.910 ServerApp] Saving file at /notebooks/02_trigger_db_s2p.ipynb
[I 2023-02-27 19:41:52.912 ServerApp] Saving 02_trigger_db_s2p.ipynb
[I 2023-02-27 19:43:53.052 ServerApp] Saving file at /notebooks/02_trigger_db_s2p.ipynb
[I 2023-02-27 19:43:53.054 ServerApp] Saving 02_trigger_db_s2p.ipynb
[I 2023-02-27 19:45:53.152 ServerApp] Saving file at /notebooks/02_trigger_db_s2p.ipynb
[I 2023-02-27 19:45:53.154 ServerApp] Saving 02_trigger_db_s2p.ipynb
[I 2023-02-27 19:47:53.295 ServerApp] Saving file at /notebooks/02_trigger_db_s2p.ipynb
[I 2023-02-27 19:47:53.299 ServerApp] Saving 02_trigger_db_s2p.ipynb
[I 2023-02-27 19:49:53.410 ServerApp] Saving file at /notebooks/02_trigger_db_s2p.ipynb
[I 2023-02-27 19:49:53.414 ServerApp] Saving 02_trigger_db_s2p.ipynb
[I 2023-02-27 19:51:53.546 ServerApp] Saving file at /notebooks/02_trigger_db_s2p.ipynb
[I 2023-02-27 19:51:53.550 ServerApp] Saving 02_trigger_db_s2p.ipynb
[I 2023-02-27 19:53:53.712 ServerApp] Saving file at /notebooks/02_trigger_db_s2p.ipynb
[I 2023-02-27 19:53:53.716 ServerApp] Saving 02_trigger_db_s2p.ipynb
[I 2023-02-27 19:55:53.849 ServerApp] Saving file at /notebooks/02_trigger_db_s2p.ipynb
[I 2023-02-27 19:55:53.851 ServerApp] Saving 02_trigger_db_s2p.ipynb
[I 2023-02-27 19:57:53.989 ServerApp] Saving file at /notebooks/02_trigger_db_s2p.ipynb
[I 2023-02-27 19:57:53.992 ServerApp] Saving 02_trigger_db_s2p.ipynb
[I 2023-02-27 19:59:54.128 ServerApp] Saving file at /notebooks/02_trigger_db_s2p.ipynb
[I 2023-02-27 19:59:54.130 ServerApp] Saving 02_trigger_db_s2p.ipynb
[I 2023-02-27 20:01:54.284 ServerApp] Saving file at /notebooks/02_trigger_db_s2p.ipynb
[I 2023-02-27 20:01:54.285 ServerApp] Saving 02_trigger_db_s2p.ipynb
[I 2023-02-27 20:03:54.354 ServerApp] Saving file at /notebooks/02_trigger_db_s2p.ipynb
[I 2023-02-27 20:03:54.355 ServerApp] Saving 02_trigger_db_s2p.ipynb
[I 2023-02-27 20:05:54.423 ServerApp] Saving file at /notebooks/02_trigger_db_s2p.ipynb
[I 2023-02-27 20:05:54.428 ServerApp] Saving 02_trigger_db_s2p.ipynb
[I 2023-02-27 20:07:54.616 ServerApp] Saving file at /notebooks/02_trigger_db_s2p.ipynb
[I 2023-02-27 20:07:54.619 ServerApp] Saving 02_trigger_db_s2p.ipynb
[I 2023-02-27 20:09:54.791 ServerApp] Saving file at /notebooks/02_trigger_db_s2p.ipynb
[I 2023-02-27 20:09:54.792 ServerApp] Saving 02_trigger_db_s2p.ipynb
[I 2023-02-27 20:11:54.947 ServerApp] Saving file at /notebooks/02_trigger_db_s2p.ipynb
[I 2023-02-27 20:11:54.949 ServerApp] Saving 02_trigger_db_s2p.ipynb
[I 2023-02-27 20:13:55.134 ServerApp] Saving file at /notebooks/02_trigger_db_s2p.ipynb
[I 2023-02-27 20:13:55.136 ServerApp] Saving 02_trigger_db_s2p.ipynb
[I 2023-02-27 20:15:55.310 ServerApp] Saving file at /notebooks/02_trigger_db_s2p.ipynb
[I 2023-02-27 20:15:55.312 ServerApp] Saving 02_trigger_db_s2p.ipynb
[I 2023-02-27 20:17:55.444 ServerApp] Saving file at /notebooks/02_trigger_db_s2p.ipynb
[I 2023-02-27 20:17:55.450 ServerApp] Saving 02_trigger_db_s2p.ipynb
[I 2023-02-27 20:19:55.537 ServerApp] Saving file at /notebooks/02_trigger_db_s2p.ipynb
[I 2023-02-27 20:19:55.541 ServerApp] Saving 02_trigger_db_s2p.ipynb
[I 2023-02-27 20:21:55.738 ServerApp] Saving file at /notebooks/02_trigger_db_s2p.ipynb
[I 2023-02-27 20:21:55.739 ServerApp] Saving 02_trigger_db_s2p.ipynb
[I 2023-02-27 20:23:55.950 ServerApp] Saving file at /notebooks/02_trigger_db_s2p.ipynb
[I 2023-02-27 20:23:55.952 ServerApp] Saving 02_trigger_db_s2p.ipynb
[I 2023-02-27 20:25:56.142 ServerApp] Saving file at /notebooks/02_trigger_db_s2p.ipynb
[I 2023-02-27 20:25:56.143 ServerApp] Saving 02_trigger_db_s2p.ipynb
[I 2023-02-27 20:27:56.281 ServerApp] Saving file at /notebooks/02_trigger_db_s2p.ipynb
[I 2023-02-27 20:27:56.282 ServerApp] Saving 02_trigger_db_s2p.ipynb
[I 2023-02-27 20:29:56.501 ServerApp] Saving file at /notebooks/02_trigger_db_s2p.ipynb
[I 2023-02-27 20:29:56.521 ServerApp] Saving 02_trigger_db_s2p.ipynb
[I 2023-02-27 20:31:56.805 ServerApp] Saving file at /notebooks/02_trigger_db_s2p.ipynb
[I 2023-02-27 20:31:56.806 ServerApp] Saving 02_trigger_db_s2p.ipynb
[I 2023-02-27 20:33:56.948 ServerApp] Saving file at /notebooks/02_trigger_db_s2p.ipynb
[I 2023-02-27 20:33:56.954 ServerApp] Saving 02_trigger_db_s2p.ipynb
[I 2023-02-27 20:35:57.117 ServerApp] Saving file at /notebooks/02_trigger_db_s2p.ipynb
[I 2023-02-27 20:35:57.119 ServerApp] Saving 02_trigger_db_s2p.ipynb
[I 2023-02-27 20:37:57.353 ServerApp] Saving file at /notebooks/02_trigger_db_s2p.ipynb
[I 2023-02-27 20:37:57.369 ServerApp] Saving 02_trigger_db_s2p.ipynb
[I 2023-02-27 20:39:57.606 ServerApp] Saving file at /notebooks/02_trigger_db_s2p.ipynb
[I 2023-02-27 20:39:57.608 ServerApp] Saving 02_trigger_db_s2p.ipynb
[I 2023-02-27 20:41:57.794 ServerApp] Saving file at /notebooks/02_trigger_db_s2p.ipynb
[I 2023-02-27 20:41:57.795 ServerApp] Saving 02_trigger_db_s2p.ipynb
[I 2023-02-27 20:43:58.006 ServerApp] Saving file at /notebooks/02_trigger_db_s2p.ipynb
[I 2023-02-27 20:43:58.008 ServerApp] Saving 02_trigger_db_s2p.ipynb
[I 2023-02-27 20:45:58.079 ServerApp] Saving file at /notebooks/02_trigger_db_s2p.ipynb
[I 2023-02-27 20:45:58.080 ServerApp] Saving 02_trigger_db_s2p.ipynb
[I 2023-02-27 20:47:58.146 ServerApp] Saving file at /notebooks/02_trigger_db_s2p.ipynb
[I 2023-02-27 20:47:58.148 ServerApp] Saving 02_trigger_db_s2p.ipynb
[I 2023-02-27 20:49:58.291 ServerApp] Saving file at /notebooks/02_trigger_db_s2p.ipynb
[I 2023-02-27 20:49:58.292 ServerApp] Saving 02_trigger_db_s2p.ipynb
[I 2023-02-27 20:51:58.500 ServerApp] Saving file at /notebooks/02_trigger_db_s2p.ipynb
[I 2023-02-27 20:51:58.533 ServerApp] Saving 02_trigger_db_s2p.ipynb
[I 2023-02-27 20:53:58.789 ServerApp] Saving file at /notebooks/02_trigger_db_s2p.ipynb
[I 2023-02-27 20:53:58.803 ServerApp] Saving 02_trigger_db_s2p.ipynb
[I 2023-02-27 20:55:59.101 ServerApp] Saving file at /notebooks/02_trigger_db_s2p.ipynb
[I 2023-02-27 20:55:59.130 ServerApp] Saving 02_trigger_db_s2p.ipynb
[I 2023-02-27 20:57:59.295 ServerApp] Saving file at /notebooks/02_trigger_db_s2p.ipynb
[I 2023-02-27 20:57:59.312 ServerApp] Saving 02_trigger_db_s2p.ipynb
[I 2023-02-27 20:59:59.520 ServerApp] Saving file at /notebooks/02_trigger_db_s2p.ipynb
[I 2023-02-27 20:59:59.522 ServerApp] Saving 02_trigger_db_s2p.ipynb
[I 2023-02-27 21:01:59.791 ServerApp] Saving file at /notebooks/02_trigger_db_s2p.ipynb
[I 2023-02-27 21:01:59.792 ServerApp] Saving 02_trigger_db_s2p.ipynb
[I 2023-02-27 21:03:59.997 ServerApp] Saving file at /notebooks/02_trigger_db_s2p.ipynb
[I 2023-02-27 21:04:00.018 ServerApp] Saving 02_trigger_db_s2p.ipynb
[I 2023-02-27 21:06:00.230 ServerApp] Saving file at /notebooks/02_trigger_db_s2p.ipynb
[I 2023-02-27 21:06:00.236 ServerApp] Saving 02_trigger_db_s2p.ipynb
[I 2023-02-27 21:08:00.369 ServerApp] Saving file at /notebooks/02_trigger_db_s2p.ipynb
[I 2023-02-27 21:08:00.370 ServerApp] Saving 02_trigger_db_s2p.ipynb
[I 2023-02-27 21:10:00.540 ServerApp] Saving file at /notebooks/02_trigger_db_s2p.ipynb
[I 2023-02-27 21:10:00.584 ServerApp] Saving 02_trigger_db_s2p.ipynb
[I 2023-02-27 21:12:01.023 ServerApp] Saving file at /notebooks/02_trigger_db_s2p.ipynb
[I 2023-02-27 21:12:01.025 ServerApp] Saving 02_trigger_db_s2p.ipynb
[I 2023-02-27 21:14:01.346 ServerApp] Saving file at /notebooks/02_trigger_db_s2p.ipynb
[I 2023-02-27 21:14:01.349 ServerApp] Saving 02_trigger_db_s2p.ipynb
[I 2023-02-27 21:16:01.530 ServerApp] Saving file at /notebooks/02_trigger_db_s2p.ipynb
[I 2023-02-27 21:16:01.531 ServerApp] Saving 02_trigger_db_s2p.ipynb
[I 2023-02-27 21:18:01.651 ServerApp] Saving file at /notebooks/02_trigger_db_s2p.ipynb
[I 2023-02-27 21:18:01.652 ServerApp] Saving 02_trigger_db_s2p.ipynb
[I 2023-02-27 21:20:01.884 ServerApp] Saving file at /notebooks/02_trigger_db_s2p.ipynb
[I 2023-02-27 21:20:01.885 ServerApp] Saving 02_trigger_db_s2p.ipynb
[I 2023-02-27 21:22:01.939 ServerApp] Saving file at /notebooks/02_trigger_db_s2p.ipynb
[I 2023-02-27 21:22:01.941 ServerApp] Saving 02_trigger_db_s2p.ipynb
[I 2023-02-27 21:24:02.039 ServerApp] Saving file at /notebooks/02_trigger_db_s2p.ipynb
[I 2023-02-27 21:24:02.041 ServerApp] Saving 02_trigger_db_s2p.ipynb
[I 2023-02-27 21:26:02.293 ServerApp] Saving file at /notebooks/02_trigger_db_s2p.ipynb
[I 2023-02-27 21:26:02.294 ServerApp] Saving 02_trigger_db_s2p.ipynb
[I 2023-02-27 21:28:02.364 ServerApp] Saving file at /notebooks/02_trigger_db_s2p.ipynb
[I 2023-02-27 21:28:02.367 ServerApp] Saving 02_trigger_db_s2p.ipynb
[I 2023-02-27 21:30:02.530 ServerApp] Saving file at /notebooks/02_trigger_db_s2p.ipynb
[I 2023-02-27 21:30:02.563 ServerApp] Saving 02_trigger_db_s2p.ipynb
[I 2023-02-27 21:32:02.818 ServerApp] Saving file at /notebooks/02_trigger_db_s2p.ipynb
[I 2023-02-27 21:32:02.881 ServerApp] Saving 02_trigger_db_s2p.ipynb
[I 2023-02-27 21:34:03.062 ServerApp] Saving file at /notebooks/02_trigger_db_s2p.ipynb
[I 2023-02-27 21:34:03.064 ServerApp] Saving 02_trigger_db_s2p.ipynb
[I 2023-02-27 21:40:03.169 ServerApp] Saving file at /notebooks/02_trigger_db_s2p.ipynb
[I 2023-02-27 21:40:03.171 ServerApp] Saving 02_trigger_db_s2p.ipynb
[I 2023-02-27 21:42:03.268 ServerApp] Saving file at /notebooks/02_trigger_db_s2p.ipynb
[I 2023-02-27 21:42:03.269 ServerApp] Saving 02_trigger_db_s2p.ipynb
[I 2023-02-27 21:44:03.355 ServerApp] Saving file at /notebooks/02_trigger_db_s2p.ipynb
[I 2023-02-27 21:44:03.356 ServerApp] Saving 02_trigger_db_s2p.ipynb
[I 2023-02-27 21:46:03.422 ServerApp] Saving file at /notebooks/02_trigger_db_s2p.ipynb
[I 2023-02-27 21:46:03.424 ServerApp] Saving 02_trigger_db_s2p.ipynb
[I 2023-02-27 21:50:03.524 ServerApp] Saving file at /notebooks/02_trigger_db_s2p.ipynb
[I 2023-02-27 21:50:03.526 ServerApp] Saving 02_trigger_db_s2p.ipynb
[I 2023-02-28 00:00:18.617 ServerApp] 302 GET / (127.0.0.1) 0.86ms
[W 2023-02-28 00:00:22.621 LabApp] Could not determine jupyterlab build status without nodejs
[I 2023-02-28 00:02:25.417 ServerApp] Saving file at /notebooks/02_trigger_db_s2p.ipynb
[I 2023-02-28 00:02:25.418 ServerApp] Saving 02_trigger_db_s2p.ipynb
[I 2023-02-28 00:04:25.771 ServerApp] Saving file at /notebooks/02_trigger_db_s2p.ipynb
[I 2023-02-28 00:04:25.772 ServerApp] Saving 02_trigger_db_s2p.ipynb
[I 2023-02-28 00:05:06.589 ServerApp] Saving file at /notebooks/02_trigger_db_s2p.ipynb
[I 2023-02-28 00:05:06.591 ServerApp] Saving 02_trigger_db_s2p.ipynb
[I 2023-02-28 00:06:40.828 ServerApp] Saving file at /notebooks/02_trigger_db_s2p.ipynb
[I 2023-02-28 00:06:40.830 ServerApp] Saving 02_trigger_db_s2p.ipynb
[I 2023-02-28 00:07:05.088 ServerApp] Saving file at /notebooks/02_trigger_db_s2p.ipynb
[I 2023-02-28 00:07:05.090 ServerApp] Saving 02_trigger_db_s2p.ipynb
[I 2023-02-28 00:09:05.580 ServerApp] Saving file at /notebooks/02_trigger_db_s2p.ipynb
[I 2023-02-28 00:09:05.581 ServerApp] Saving 02_trigger_db_s2p.ipynb
[I 2023-02-28 00:11:06.071 ServerApp] Saving file at /notebooks/02_trigger_db_s2p.ipynb
[I 2023-02-28 00:11:06.073 ServerApp] Saving 02_trigger_db_s2p.ipynb
[I 2023-02-28 00:15:06.516 ServerApp] Saving file at /notebooks/02_trigger_db_s2p.ipynb
[I 2023-02-28 00:15:06.518 ServerApp] Saving 02_trigger_db_s2p.ipynb
[I 2023-02-28 00:17:06.886 ServerApp] Saving file at /notebooks/02_trigger_db_s2p.ipynb
[I 2023-02-28 00:17:06.887 ServerApp] Saving 02_trigger_db_s2p.ipynb
[I 2023-02-28 00:21:07.893 ServerApp] Saving file at /notebooks/02_trigger_db_s2p.ipynb
[I 2023-02-28 00:21:07.895 ServerApp] Saving 02_trigger_db_s2p.ipynb
[I 2023-02-28 00:27:08.235 ServerApp] Saving file at /notebooks/02_trigger_db_s2p.ipynb
[I 2023-02-28 00:27:08.237 ServerApp] Saving 02_trigger_db_s2p.ipynb
[I 2023-02-28 00:27:15.217 ServerApp] Saving file at /notebooks/02_trigger_db_s2p.ipynb
[I 2023-02-28 00:27:15.219 ServerApp] Saving 02_trigger_db_s2p.ipynb
[I 2023-02-28 00:27:17.290 ServerApp] Saving file at /notebooks/02_trigger_db_s2p.ipynb
[I 2023-02-28 00:27:17.292 ServerApp] Saving 02_trigger_db_s2p.ipynb
[I 2023-02-28 00:28:34.830 ServerApp] Kernel restarted: f57e0d7c-ded2-4fe3-bd5b-2a06fbde2bd3
[I 2023-02-28 00:28:49.901 ServerApp] Saving file at /notebooks/02_trigger_db_s2p.ipynb
[I 2023-02-28 00:28:49.903 ServerApp] Saving 02_trigger_db_s2p.ipynb
[W 2023-02-28 00:30:25.118 ServerApp] IOPub data rate exceeded.
    The Jupyter server will temporarily stop sending output
    to the client in order to avoid crashing it.
    To change this limit, set the config variable
    `--ServerApp.iopub_data_rate_limit`.
    
    Current values:
    ServerApp.iopub_data_rate_limit=1000000.0 (bytes/sec)
    ServerApp.rate_limit_window=3.0 (secs)
    
[W 2023-02-28 00:30:25.120 ServerApp] iopub messages resumed
[W 2023-02-28 00:30:25.175 ServerApp] IOPub data rate exceeded.
    The Jupyter server will temporarily stop sending output
    to the client in order to avoid crashing it.
    To change this limit, set the config variable
    `--ServerApp.iopub_data_rate_limit`.
    
    Current values:
    ServerApp.iopub_data_rate_limit=1000000.0 (bytes/sec)
    ServerApp.rate_limit_window=3.0 (secs)
    
[W 2023-02-28 00:30:25.177 ServerApp] iopub messages resumed
[I 2023-02-28 00:30:50.342 ServerApp] Saving file at /notebooks/02_trigger_db_s2p.ipynb
[I 2023-02-28 00:30:50.344 ServerApp] Saving 02_trigger_db_s2p.ipynb
[I 2023-02-28 00:38:50.767 ServerApp] Saving file at /notebooks/02_trigger_db_s2p.ipynb
[I 2023-02-28 00:38:50.769 ServerApp] Saving 02_trigger_db_s2p.ipynb
[I 2023-02-28 00:41:05.823 ServerApp] Saving file at /notebooks/02_trigger_db_s2p.ipynb
[I 2023-02-28 00:41:05.824 ServerApp] Saving 02_trigger_db_s2p.ipynb
[I 2023-02-28 08:07:26.640 ServerApp] 302 GET / (127.0.0.1) 0.81ms
[W 2023-02-28 08:07:30.238 LabApp] Could not determine jupyterlab build status without nodejs
[W 2023-02-28 08:07:56.774 LabApp] Could not determine jupyterlab build status without nodejs
[I 2023-02-28 08:09:59.307 ServerApp] Saving file at /notebooks/02_trigger_db_s2p.ipynb
[I 2023-02-28 08:09:59.308 ServerApp] Saving 02_trigger_db_s2p.ipynb
[I 2023-02-28 09:29:33.495 ServerApp] Starting buffering for 6ab7b84d-697a-4896-9ddc-6394f4f45178:e56d28de-3401-4229-a72d-e14e3ab2e6e3
[I 2023-02-28 09:29:33.496 ServerApp] Starting buffering for 4aeb785b-8169-4ed2-b59c-e9003450f1bb:273e1264-8a07-4ab7-a2da-4472afb65cdf
[I 2023-02-28 09:29:33.497 ServerApp] Starting buffering for f57e0d7c-ded2-4fe3-bd5b-2a06fbde2bd3:9c0d0a3e-bd05-4f93-9e90-778ea953c802
[W 2023-02-28 09:29:35.084 LabApp] Could not determine jupyterlab build status without nodejs
[I 2023-02-28 09:31:36.139 ServerApp] Saving file at /notebooks/02_trigger_db_s2p.ipynb
[I 2023-02-28 09:31:36.141 ServerApp] Saving 02_trigger_db_s2p.ipynb
[I 2023-02-28 09:33:36.205 ServerApp] Saving file at /notebooks/02_trigger_db_s2p.ipynb
[I 2023-02-28 09:33:36.207 ServerApp] Saving 02_trigger_db_s2p.ipynb
[I 2023-02-28 09:34:18.473 ServerApp] Creating new notebook in /notebooks
[I 2023-02-28 09:34:18.478 ServerApp] Saving Untitled.ipynb
[I 2023-02-28 09:34:22.431 ServerApp] Kernel started: 59292331-1b89-40e0-a147-ea6c7a93ce09
[I 2023-02-28 09:36:18.606 ServerApp] Saving file at /notebooks/check_s2p_out.ipynb
[I 2023-02-28 09:36:18.608 ServerApp] Saving check_s2p_out.ipynb
[I 2023-02-28 09:38:18.645 ServerApp] Saving file at /notebooks/check_s2p_out.ipynb
[I 2023-02-28 09:38:18.647 ServerApp] Saving check_s2p_out.ipynb
[I 2023-02-28 09:40:18.687 ServerApp] Saving file at /notebooks/check_s2p_out.ipynb
[I 2023-02-28 09:40:18.688 ServerApp] Saving check_s2p_out.ipynb
[I 2023-02-28 09:40:33.645 ServerApp] Kernel interrupted: 59292331-1b89-40e0-a147-ea6c7a93ce09
[I 2023-02-28 09:40:33.839 ServerApp] Kernel interrupted: 59292331-1b89-40e0-a147-ea6c7a93ce09
[I 2023-02-28 09:40:33.975 ServerApp] Kernel interrupted: 59292331-1b89-40e0-a147-ea6c7a93ce09
[I 2023-02-28 09:40:34.129 ServerApp] Kernel interrupted: 59292331-1b89-40e0-a147-ea6c7a93ce09
[I 2023-02-28 09:40:34.287 ServerApp] Kernel interrupted: 59292331-1b89-40e0-a147-ea6c7a93ce09
[I 2023-02-28 09:42:18.721 ServerApp] Saving file at /notebooks/check_s2p_out.ipynb
[I 2023-02-28 09:42:18.723 ServerApp] Saving check_s2p_out.ipynb
[I 2023-02-28 09:44:18.770 ServerApp] Saving file at /notebooks/check_s2p_out.ipynb
[I 2023-02-28 09:44:18.772 ServerApp] Saving check_s2p_out.ipynb
[I 2023-02-28 09:46:19.840 ServerApp] Saving file at /notebooks/check_s2p_out.ipynb
[I 2023-02-28 09:46:19.841 ServerApp] Saving check_s2p_out.ipynb
[I 2023-02-28 09:54:20.855 ServerApp] Saving file at /notebooks/check_s2p_out.ipynb
[I 2023-02-28 09:54:20.857 ServerApp] Saving check_s2p_out.ipynb
[I 2023-02-28 09:55:56.942 ServerApp] Saving file at /notebooks/check_s2p_out.ipynb
[I 2023-02-28 09:55:56.944 ServerApp] Saving check_s2p_out.ipynb
[I 2023-02-28 09:55:58.034 ServerApp] Saving file at /notebooks/check_s2p_out.ipynb
[I 2023-02-28 09:55:58.035 ServerApp] Saving check_s2p_out.ipynb
[I 2023-02-28 09:57:58.850 ServerApp] Saving file at /notebooks/check_s2p_out.ipynb
[I 2023-02-28 09:57:58.851 ServerApp] Saving check_s2p_out.ipynb
[I 2023-02-28 10:03:36.865 ServerApp] Saving file at /notebooks/02_trigger_db_s2p.ipynb
[I 2023-02-28 10:03:36.866 ServerApp] Saving 02_trigger_db_s2p.ipynb
[I 2023-02-28 10:04:44.488 ServerApp] Creating new directory in 
[I 2023-02-28 10:05:16.016 ServerApp] Saving file at /notebooks/02_trigger_db_s2p.ipynb
[I 2023-02-28 10:05:16.017 ServerApp] Saving 02_trigger_db_s2p.ipynb
[I 2023-02-28 10:05:44.340 ServerApp] Saving file at /notebooks/02_trigger_db_s2p.ipynb
[I 2023-02-28 10:05:44.342 ServerApp] Saving 02_trigger_db_s2p.ipynb
[I 2023-02-28 10:07:15.724 ServerApp] Saving file at /notebooks/02_trigger_db_s2p.ipynb
[I 2023-02-28 10:07:15.725 ServerApp] Saving 02_trigger_db_s2p.ipynb
[I 2023-02-28 11:16:47.245 ServerApp] Kernel restarted: 4aeb785b-8169-4ed2-b59c-e9003450f1bb
[I 2023-02-28 11:16:57.442 ServerApp] Kernel interrupted: 4aeb785b-8169-4ed2-b59c-e9003450f1bb
[I 2023-02-28 11:17:14.867 ServerApp] Saving file at /notebooks/01_construct_db.ipynb
[I 2023-02-28 11:17:14.869 ServerApp] Saving 01_construct_db.ipynb
[I 2023-02-28 11:17:16.851 ServerApp] Saving file at /notebooks/00_configure.ipynb
[I 2023-02-28 11:17:16.852 ServerApp] Saving 00_configure.ipynb
[I 2023-02-28 11:18:00.956 ServerApp] Copying notebooks to 
[W 2023-02-28 11:18:00.960 ServerApp] 400 POST /api/contents?1677579487690 (127.0.0.1): Can't copy directories
[W 2023-02-28 11:18:00.961 ServerApp] wrote error: "Can't copy directories"
[W 2023-02-28 11:18:00.961 ServerApp] 400 POST /api/contents?1677579487690 (127.0.0.1) 6.86ms referer=http://localhost:8888/lab/tree/notebooks/00_configure.ipynb
[I 2023-02-28 11:19:45.118 ServerApp] Saving file at /notebooks/00_configure.ipynb
[I 2023-02-28 11:19:45.119 ServerApp] Saving 00_configure.ipynb
[I 2023-02-28 11:21:45.177 ServerApp] Saving file at /notebooks/00_configure.ipynb
[I 2023-02-28 11:21:45.178 ServerApp] Saving 00_configure.ipynb
[I 2023-02-28 11:22:08.892 ServerApp] Kernel restarted: 4aeb785b-8169-4ed2-b59c-e9003450f1bb
[I 2023-02-28 11:22:31.899 ServerApp] Kernel interrupted: 4aeb785b-8169-4ed2-b59c-e9003450f1bb
[I 2023-02-28 11:22:41.996 ServerApp] Saving file at /notebooks/01_construct_db.ipynb
[I 2023-02-28 11:22:41.998 ServerApp] Saving 01_construct_db.ipynb
[I 2023-02-28 11:22:46.965 ServerApp] Kernel started: dbdbd9eb-20ca-42b6-8f4e-a8d266c7d9c6
[I 2023-02-28 11:23:40.432 ServerApp] Kernel started: 61718c39-112e-4657-8807-547d1eb25712
[I 2023-02-28 11:23:45.495 ServerApp] Kernel restarted: 61718c39-112e-4657-8807-547d1eb25712
[I 2023-02-28 11:23:45.727 ServerApp] Starting buffering for 61718c39-112e-4657-8807-547d1eb25712:83b00c19-f63c-49b4-919e-a45a8c2a512a
[I 2023-02-28 11:23:45.736 ServerApp] Restoring connection for 61718c39-112e-4657-8807-547d1eb25712:83b00c19-f63c-49b4-919e-a45a8c2a512a
[I 2023-02-28 11:24:46.806 ServerApp] Saving file at /notebooks_phan/phan_00_configure.ipynb
[I 2023-02-28 11:24:46.808 ServerApp] Saving phan_00_configure.ipynb
[I 2023-02-28 11:25:39.963 ServerApp] Saving file at /notebooks_phan/phan_01_construct_db.ipynb
[I 2023-02-28 11:25:39.964 ServerApp] Saving phan_01_construct_db.ipynb
[I 2023-02-28 11:26:51.966 ServerApp] Kernel started: 2efb19c9-0165-426b-85ac-5ffdafeb7651
[I 2023-02-28 11:26:59.449 ServerApp] Kernel restarted: 2efb19c9-0165-426b-85ac-5ffdafeb7651
[I 2023-02-28 11:26:59.789 ServerApp] Starting buffering for 2efb19c9-0165-426b-85ac-5ffdafeb7651:9ce52129-46b1-4585-a867-30ca7a38e8e5
[I 2023-02-28 11:26:59.803 ServerApp] Restoring connection for 2efb19c9-0165-426b-85ac-5ffdafeb7651:9ce52129-46b1-4585-a867-30ca7a38e8e5
[I 2023-02-28 11:28:51.512 ServerApp] Saving file at /notebooks_phan/phan_02_trigger_db_s2p.ipynb
[I 2023-02-28 11:28:51.514 ServerApp] Saving phan_02_trigger_db_s2p.ipynb
[I 2023-02-28 11:29:53.960 ServerApp] Saving file at /notebooks_phan/phan_02_trigger_db_s2p.ipynb
[I 2023-02-28 11:29:53.962 ServerApp] Saving phan_02_trigger_db_s2p.ipynb
[I 2023-02-28 11:49:39.852 ServerApp] Starting buffering for 61718c39-112e-4657-8807-547d1eb25712:83b00c19-f63c-49b4-919e-a45a8c2a512a
[I 2023-02-28 11:49:40.404 ServerApp] Starting buffering for 2efb19c9-0165-426b-85ac-5ffdafeb7651:9ce52129-46b1-4585-a867-30ca7a38e8e5
[I 2023-02-28 11:49:41.647 ServerApp] Starting buffering for dbdbd9eb-20ca-42b6-8f4e-a8d266c7d9c6:d5177883-2995-4bde-a954-9ce06d8efba6
[W 2023-02-28 12:03:56.023 ServerApp] WebSocket ping timeout after 119998 ms.
[W 2023-02-28 12:04:02.069 ServerApp] WebSocket ping timeout after 119997 ms.
[I 2023-02-28 12:07:04.955 ServerApp] 302 GET / (127.0.0.1) 0.80ms
[I 2023-02-28 12:07:04.961 LabApp] 302 GET /lab? (127.0.0.1) 1.11ms
[I 2023-02-28 12:07:54.247 ServerApp] 302 GET /?token=d3f3bb76689a77413ca5b4335562bc2ed76b0fc6cb80a647 (127.0.0.1) 0.77ms
[W 2023-02-28 12:07:56.326 LabApp] Could not determine jupyterlab build status without nodejs
[W 2023-02-28 12:08:15.685 ServerApp] delete /notebooks_phan/dj_local_conf.json
[I 2023-02-28 12:09:16.253 ServerApp] Kernel restarted: 61718c39-112e-4657-8807-547d1eb25712
[I 2023-02-28 12:09:16.679 ServerApp] Starting buffering for 61718c39-112e-4657-8807-547d1eb25712:0e639048-85c6-45ac-913d-ea1021caf542
[I 2023-02-28 12:09:16.686 ServerApp] Restoring connection for 61718c39-112e-4657-8807-547d1eb25712:0e639048-85c6-45ac-913d-ea1021caf542
[I 2023-02-28 12:10:18.330 ServerApp] Saving file at /notebooks_phan/phan_00_configure.ipynb
[I 2023-02-28 12:10:18.332 ServerApp] Saving phan_00_configure.ipynb
[I 2023-02-28 12:11:13.347 ServerApp] Saving file at /notebooks_phan/phan_01_construct_db.ipynb
[I 2023-02-28 12:11:13.349 ServerApp] Saving phan_01_construct_db.ipynb
[I 2023-02-28 12:26:25.559 ServerApp] Starting buffering for 2efb19c9-0165-426b-85ac-5ffdafeb7651:b8c3ab10-9f7a-43d3-819d-4d6967a4119e
[I 2023-02-28 12:26:25.559 ServerApp] Starting buffering for dbdbd9eb-20ca-42b6-8f4e-a8d266c7d9c6:29077694-0404-4763-8e61-214113a08dc0
[I 2023-02-28 12:26:25.560 ServerApp] Starting buffering for 61718c39-112e-4657-8807-547d1eb25712:0e639048-85c6-45ac-913d-ea1021caf542
[I 2023-02-28 12:46:32.120 ServerApp] Saving file at /notebooks/02_trigger_db_s2p.ipynb
[I 2023-02-28 12:46:32.121 ServerApp] Saving 02_trigger_db_s2p.ipynb
[I 2023-02-28 12:48:32.184 ServerApp] Saving file at /notebooks/02_trigger_db_s2p.ipynb
[I 2023-02-28 12:48:32.185 ServerApp] Saving 02_trigger_db_s2p.ipynb
[I 2023-02-28 12:50:32.240 ServerApp] Saving file at /notebooks/02_trigger_db_s2p.ipynb
[I 2023-02-28 12:50:32.242 ServerApp] Saving 02_trigger_db_s2p.ipynb
[I 2023-02-28 12:50:41.484 ServerApp] Saving file at /notebooks/02_trigger_db_s2p.ipynb
[I 2023-02-28 12:50:41.486 ServerApp] Saving 02_trigger_db_s2p.ipynb
[I 2023-02-28 12:51:21.622 ServerApp] Saving file at /notebooks/02_trigger_db_s2p.ipynb
[I 2023-02-28 12:51:21.624 ServerApp] Saving 02_trigger_db_s2p.ipynb
[I 2023-02-28 12:52:03.876 ServerApp] Saving file at /notebooks/02_trigger_db_s2p.ipynb
[I 2023-02-28 12:52:03.878 ServerApp] Saving 02_trigger_db_s2p.ipynb
[I 2023-02-28 12:52:04.547 ServerApp] Saving file at /notebooks/02_trigger_db_s2p.ipynb
[I 2023-02-28 12:52:04.549 ServerApp] Saving 02_trigger_db_s2p.ipynb
[I 2023-02-28 12:52:52.598 ServerApp] Saving file at /notebooks/02_trigger_db_s2p.ipynb
[I 2023-02-28 12:52:52.600 ServerApp] Saving 02_trigger_db_s2p.ipynb
[I 2023-02-28 12:54:25.158 ServerApp] Saving file at /notebooks/02_trigger_db_s2p.ipynb
[I 2023-02-28 12:54:25.160 ServerApp] Saving 02_trigger_db_s2p.ipynb
[I 2023-02-28 12:54:28.782 ServerApp] Saving file at /notebooks/02_trigger_db_s2p.ipynb
[I 2023-02-28 12:54:28.784 ServerApp] Saving 02_trigger_db_s2p.ipynb
[I 2023-02-28 12:54:36.129 ServerApp] Saving file at /notebooks/02_trigger_db_s2p.ipynb
[I 2023-02-28 12:54:36.131 ServerApp] Saving 02_trigger_db_s2p.ipynb
[I 2023-02-28 12:56:11.663 ServerApp] Saving file at /notebooks/02_trigger_db_s2p.ipynb
[I 2023-02-28 12:56:11.665 ServerApp] Saving 02_trigger_db_s2p.ipynb
[I 2023-02-28 12:56:20.174 ServerApp] Saving file at /notebooks/02_trigger_db_s2p.ipynb
[I 2023-02-28 12:56:20.176 ServerApp] Saving 02_trigger_db_s2p.ipynb
[I 2023-02-28 12:56:44.678 ServerApp] Saving file at /notebooks/02_trigger_db_s2p.ipynb
[I 2023-02-28 12:56:44.679 ServerApp] Saving 02_trigger_db_s2p.ipynb
[I 2023-02-28 12:57:48.056 ServerApp] Saving file at /notebooks/02_trigger_db_s2p.ipynb
[I 2023-02-28 12:57:48.058 ServerApp] Saving 02_trigger_db_s2p.ipynb
[I 2023-02-28 12:57:53.871 ServerApp] Saving file at /notebooks/02_trigger_db_s2p.ipynb
[I 2023-02-28 12:57:53.873 ServerApp] Saving 02_trigger_db_s2p.ipynb
[I 2023-02-28 12:59:35.259 ServerApp] Saving file at /notebooks/02_trigger_db_s2p.ipynb
[I 2023-02-28 12:59:35.261 ServerApp] Saving 02_trigger_db_s2p.ipynb
[I 2023-02-28 12:59:39.588 ServerApp] Kernel restarted: 4aeb785b-8169-4ed2-b59c-e9003450f1bb
[I 2023-02-28 12:59:40.016 ServerApp] Starting buffering for 4aeb785b-8169-4ed2-b59c-e9003450f1bb:e5058030-efbf-4f3b-a7af-8b5aecf428b2
[I 2023-02-28 12:59:40.022 ServerApp] Restoring connection for 4aeb785b-8169-4ed2-b59c-e9003450f1bb:e5058030-efbf-4f3b-a7af-8b5aecf428b2
[I 2023-02-28 13:01:42.483 ServerApp] Saving file at /notebooks/01_construct_db.ipynb
[I 2023-02-28 13:01:42.484 ServerApp] Saving 01_construct_db.ipynb
[I 2023-02-28 13:01:45.704 ServerApp] Kernel restarted: f57e0d7c-ded2-4fe3-bd5b-2a06fbde2bd3
[I 2023-02-28 13:01:47.433 ServerApp] Starting buffering for f57e0d7c-ded2-4fe3-bd5b-2a06fbde2bd3:2f10d547-439a-4032-89cb-b68ec1e15db8
[I 2023-02-28 13:01:47.440 ServerApp] Restoring connection for f57e0d7c-ded2-4fe3-bd5b-2a06fbde2bd3:2f10d547-439a-4032-89cb-b68ec1e15db8
[I 2023-02-28 13:02:28.328 ServerApp] Kernel restarted: f57e0d7c-ded2-4fe3-bd5b-2a06fbde2bd3
[I 2023-02-28 13:02:28.751 ServerApp] Starting buffering for f57e0d7c-ded2-4fe3-bd5b-2a06fbde2bd3:2f10d547-439a-4032-89cb-b68ec1e15db8
[I 2023-02-28 13:02:28.756 ServerApp] Restoring connection for f57e0d7c-ded2-4fe3-bd5b-2a06fbde2bd3:2f10d547-439a-4032-89cb-b68ec1e15db8
[W 2023-02-28 13:02:46.007 ServerApp] IOPub data rate exceeded.
    The Jupyter server will temporarily stop sending output
    to the client in order to avoid crashing it.
    To change this limit, set the config variable
    `--ServerApp.iopub_data_rate_limit`.
    
    Current values:
    ServerApp.iopub_data_rate_limit=1000000.0 (bytes/sec)
    ServerApp.rate_limit_window=3.0 (secs)
    
[W 2023-02-28 13:02:46.009 ServerApp] iopub messages resumed
[I 2023-02-28 13:03:00.807 ServerApp] Saving file at /notebooks/02_trigger_db_s2p.ipynb
[I 2023-02-28 13:03:00.808 ServerApp] Saving 02_trigger_db_s2p.ipynb
[I 2023-02-28 13:03:04.806 ServerApp] Kernel restarted: f57e0d7c-ded2-4fe3-bd5b-2a06fbde2bd3
[I 2023-02-28 13:03:05.834 ServerApp] Starting buffering for f57e0d7c-ded2-4fe3-bd5b-2a06fbde2bd3:2f10d547-439a-4032-89cb-b68ec1e15db8
[I 2023-02-28 13:03:05.840 ServerApp] Restoring connection for f57e0d7c-ded2-4fe3-bd5b-2a06fbde2bd3:2f10d547-439a-4032-89cb-b68ec1e15db8
[W 2023-02-28 13:03:24.149 ServerApp] IOPub data rate exceeded.
    The Jupyter server will temporarily stop sending output
    to the client in order to avoid crashing it.
    To change this limit, set the config variable
    `--ServerApp.iopub_data_rate_limit`.
    
    Current values:
    ServerApp.iopub_data_rate_limit=1000000.0 (bytes/sec)
    ServerApp.rate_limit_window=3.0 (secs)
    
[W 2023-02-28 13:03:24.151 ServerApp] iopub messages resumed
[I 2023-02-28 13:04:50.199 ServerApp] Kernel restarted: f57e0d7c-ded2-4fe3-bd5b-2a06fbde2bd3
[I 2023-02-28 13:04:51.225 ServerApp] Starting buffering for f57e0d7c-ded2-4fe3-bd5b-2a06fbde2bd3:2f10d547-439a-4032-89cb-b68ec1e15db8
[I 2023-02-28 13:04:51.231 ServerApp] Restoring connection for f57e0d7c-ded2-4fe3-bd5b-2a06fbde2bd3:2f10d547-439a-4032-89cb-b68ec1e15db8
[I 2023-02-28 13:05:00.859 ServerApp] Saving file at /notebooks/02_trigger_db_s2p.ipynb
[I 2023-02-28 13:05:00.860 ServerApp] Saving 02_trigger_db_s2p.ipynb
[W 2023-02-28 13:05:10.386 ServerApp] IOPub data rate exceeded.
    The Jupyter server will temporarily stop sending output
    to the client in order to avoid crashing it.
    To change this limit, set the config variable
    `--ServerApp.iopub_data_rate_limit`.
    
    Current values:
    ServerApp.iopub_data_rate_limit=1000000.0 (bytes/sec)
    ServerApp.rate_limit_window=3.0 (secs)
    
[W 2023-02-28 13:05:10.388 ServerApp] iopub messages resumed
[I 2023-02-28 13:07:00.909 ServerApp] Saving file at /notebooks/02_trigger_db_s2p.ipynb
[I 2023-02-28 13:07:00.911 ServerApp] Saving 02_trigger_db_s2p.ipynb
[I 2023-02-28 13:25:01.028 ServerApp] Saving file at /notebooks/02_trigger_db_s2p.ipynb
[I 2023-02-28 13:25:01.030 ServerApp] Saving 02_trigger_db_s2p.ipynb
[I 2023-02-28 13:45:01.150 ServerApp] Saving file at /notebooks/02_trigger_db_s2p.ipynb
[I 2023-02-28 13:45:01.152 ServerApp] Saving 02_trigger_db_s2p.ipynb
[I 2023-02-28 13:53:16.245 ServerApp] 302 GET /?token=d3f3bb76689a77413ca5b4335562bc2ed76b0fc6cb80a647 (127.0.0.1) 0.90ms
[W 2023-02-28 13:53:17.873 LabApp] Could not determine jupyterlab build status without nodejs
[I 2023-02-28 13:58:59.437 ServerApp] 302 GET /?token=d3f3bb76689a77413ca5b4335562bc2ed76b0fc6cb80a647 (127.0.0.1) 0.88ms
[W 2023-02-28 13:59:00.983 LabApp] Could not determine jupyterlab build status without nodejs
[I 2023-02-28 14:05:01.253 ServerApp] Saving file at /notebooks/02_trigger_db_s2p.ipynb
[I 2023-02-28 14:05:01.255 ServerApp] Saving 02_trigger_db_s2p.ipynb
[I 2023-02-28 14:25:01.927 ServerApp] Saving file at /notebooks/02_trigger_db_s2p.ipynb
[I 2023-02-28 14:25:01.929 ServerApp] Saving 02_trigger_db_s2p.ipynb
[W 2023-02-28 14:32:02.514 ServerApp] WebSocket ping timeout after 119997 ms.
[W 2023-02-28 14:32:02.535 ServerApp] WebSocket ping timeout after 119996 ms.
[W 2023-02-28 14:32:02.569 ServerApp] WebSocket ping timeout after 119997 ms.
[W 2023-02-28 14:32:02.584 ServerApp] WebSocket ping timeout after 119998 ms.
[I 2023-02-28 14:43:02.039 ServerApp] Saving file at /notebooks/02_trigger_db_s2p.ipynb
[I 2023-02-28 14:43:02.040 ServerApp] Saving 02_trigger_db_s2p.ipynb
[I 2023-02-28 15:03:02.168 ServerApp] Saving file at /notebooks/02_trigger_db_s2p.ipynb
[I 2023-02-28 15:03:02.169 ServerApp] Saving 02_trigger_db_s2p.ipynb
[I 2023-02-28 15:15:01.793 ServerApp] Saving file at /notebooks/02_trigger_db_s2p.ipynb
[I 2023-02-28 15:15:01.795 ServerApp] Saving 02_trigger_db_s2p.ipynb
[I 2023-02-28 15:16:43.892 ServerApp] Saving file at /notebooks/02_trigger_db_s2p.ipynb
[I 2023-02-28 15:16:43.893 ServerApp] Saving 02_trigger_db_s2p.ipynb
[I 2023-02-28 15:18:44.934 ServerApp] Saving file at /notebooks/02_trigger_db_s2p.ipynb
[I 2023-02-28 15:18:44.936 ServerApp] Saving 02_trigger_db_s2p.ipynb
[I 2023-02-28 15:20:12.245 ServerApp] Saving file at /notebooks/02_trigger_db_s2p.ipynb
[I 2023-02-28 15:20:12.246 ServerApp] Saving 02_trigger_db_s2p.ipynb
[I 2023-02-28 15:20:12.371 ServerApp] Saving file at /notebooks/02_trigger_db_s2p.ipynb
[I 2023-02-28 15:20:12.373 ServerApp] Saving 02_trigger_db_s2p.ipynb
[I 2023-02-28 15:20:41.149 ServerApp] Saving file at /notebooks/02_trigger_db_s2p.ipynb
[I 2023-02-28 15:20:41.150 ServerApp] Saving 02_trigger_db_s2p.ipynb
[I 2023-02-28 15:20:41.324 ServerApp] Saving file at /notebooks/02_trigger_db_s2p.ipynb
[I 2023-02-28 15:20:41.326 ServerApp] Saving 02_trigger_db_s2p.ipynb
[I 2023-02-28 15:21:20.549 ServerApp] Saving file at /notebooks/02_trigger_db_s2p.ipynb
[I 2023-02-28 15:21:20.551 ServerApp] Saving 02_trigger_db_s2p.ipynb
[I 2023-02-28 15:21:26.797 ServerApp] Saving file at /notebooks/02_trigger_db_s2p.ipynb
[I 2023-02-28 15:21:26.799 ServerApp] Saving 02_trigger_db_s2p.ipynb
[I 2023-02-28 15:21:27.004 ServerApp] Saving file at /notebooks/02_trigger_db_s2p.ipynb
[I 2023-02-28 15:21:27.006 ServerApp] Saving 02_trigger_db_s2p.ipynb
[I 2023-02-28 15:21:31.551 ServerApp] Kernel restarted: f57e0d7c-ded2-4fe3-bd5b-2a06fbde2bd3
[I 2023-02-28 15:21:32.581 ServerApp] Starting buffering for f57e0d7c-ded2-4fe3-bd5b-2a06fbde2bd3:2f10d547-439a-4032-89cb-b68ec1e15db8
[I 2023-02-28 15:21:32.589 ServerApp] Restoring connection for f57e0d7c-ded2-4fe3-bd5b-2a06fbde2bd3:2f10d547-439a-4032-89cb-b68ec1e15db8
[W 2023-02-28 15:21:56.397 ServerApp] IOPub data rate exceeded.
    The Jupyter server will temporarily stop sending output
    to the client in order to avoid crashing it.
    To change this limit, set the config variable
    `--ServerApp.iopub_data_rate_limit`.
    
    Current values:
    ServerApp.iopub_data_rate_limit=1000000.0 (bytes/sec)
    ServerApp.rate_limit_window=3.0 (secs)
    
[W 2023-02-28 15:21:56.871 ServerApp] iopub messages resumed
[I 2023-02-28 15:23:27.056 ServerApp] Saving file at /notebooks/02_trigger_db_s2p.ipynb
[I 2023-02-28 15:23:27.058 ServerApp] Saving 02_trigger_db_s2p.ipynb
[I 2023-02-28 15:31:27.139 ServerApp] Saving file at /notebooks/02_trigger_db_s2p.ipynb
[I 2023-02-28 15:31:27.141 ServerApp] Saving 02_trigger_db_s2p.ipynb
[I 2023-02-28 15:31:29.720 ServerApp] Saving file at /notebooks/02_trigger_db_s2p.ipynb
[I 2023-02-28 15:31:29.722 ServerApp] Saving 02_trigger_db_s2p.ipynb
[I 2023-02-28 15:31:31.096 ServerApp] Saving file at /notebooks/02_trigger_db_s2p.ipynb
[I 2023-02-28 15:31:31.098 ServerApp] Saving 02_trigger_db_s2p.ipynb
[W 2023-02-28 15:39:53.002 ServerApp] WebSocket ping timeout after 119998 ms.
[W 2023-02-28 15:39:53.036 ServerApp] WebSocket ping timeout after 119998 ms.
[I 2023-02-28 15:39:58.038 ServerApp] Starting buffering for 59292331-1b89-40e0-a147-ea6c7a93ce09:cd566044-87e3-4c52-8f17-bccba9a0e3e2
[W 2023-02-28 15:40:02.589 ServerApp] WebSocket ping timeout after 119998 ms.
[W 2023-02-28 15:40:06.431 ServerApp] WebSocket ping timeout after 119997 ms.
[I 2023-02-28 15:40:07.591 ServerApp] Starting buffering for f57e0d7c-ded2-4fe3-bd5b-2a06fbde2bd3:2f10d547-439a-4032-89cb-b68ec1e15db8
[W 2023-02-28 15:40:10.023 ServerApp] WebSocket ping timeout after 119998 ms.
[I 2023-02-28 15:40:11.433 ServerApp] Starting buffering for 6ab7b84d-697a-4896-9ddc-6394f4f45178:3b860068-590d-4528-ba93-e6f9fa51778e
[I 2023-02-28 15:40:15.024 ServerApp] Starting buffering for 4aeb785b-8169-4ed2-b59c-e9003450f1bb:e5058030-efbf-4f3b-a7af-8b5aecf428b2
[I 2023-02-28 16:21:20.672 ServerApp] Restoring connection for 6ab7b84d-697a-4896-9ddc-6394f4f45178:3b860068-590d-4528-ba93-e6f9fa51778e
[I 2023-02-28 16:21:23.721 ServerApp] Restoring connection for f57e0d7c-ded2-4fe3-bd5b-2a06fbde2bd3:2f10d547-439a-4032-89cb-b68ec1e15db8
[I 2023-02-28 16:21:23.721 ServerApp] Replaying 1 buffered messages
[I 2023-02-28 16:21:24.280 ServerApp] Restoring connection for 4aeb785b-8169-4ed2-b59c-e9003450f1bb:e5058030-efbf-4f3b-a7af-8b5aecf428b2
[I 2023-02-28 16:22:14.484 ServerApp] Starting buffering for f57e0d7c-ded2-4fe3-bd5b-2a06fbde2bd3:2f10d547-439a-4032-89cb-b68ec1e15db8
[I 2023-02-28 16:22:14.485 ServerApp] Starting buffering for 4aeb785b-8169-4ed2-b59c-e9003450f1bb:e5058030-efbf-4f3b-a7af-8b5aecf428b2
[I 2023-02-28 16:22:14.486 ServerApp] Starting buffering for 6ab7b84d-697a-4896-9ddc-6394f4f45178:3b860068-590d-4528-ba93-e6f9fa51778e
[I 2023-02-28 16:22:14.488 ServerApp] Starting buffering for 59292331-1b89-40e0-a147-ea6c7a93ce09:cd566044-87e3-4c52-8f17-bccba9a0e3e2
[W 2023-02-28 16:22:16.015 LabApp] Could not determine jupyterlab build status without nodejs
[I 2023-02-28 16:22:27.319 ServerApp] Kernel restarted: f57e0d7c-ded2-4fe3-bd5b-2a06fbde2bd3
[I 2023-02-28 16:22:29.943 ServerApp] Starting buffering for f57e0d7c-ded2-4fe3-bd5b-2a06fbde2bd3:00d75195-9cc3-4a27-b0fe-780244aebc9b
[I 2023-02-28 16:22:29.949 ServerApp] Restoring connection for f57e0d7c-ded2-4fe3-bd5b-2a06fbde2bd3:00d75195-9cc3-4a27-b0fe-780244aebc9b
[W 2023-02-28 16:22:48.997 ServerApp] IOPub data rate exceeded.
    The Jupyter server will temporarily stop sending output
    to the client in order to avoid crashing it.
    To change this limit, set the config variable
    `--ServerApp.iopub_data_rate_limit`.
    
    Current values:
    ServerApp.iopub_data_rate_limit=1000000.0 (bytes/sec)
    ServerApp.rate_limit_window=3.0 (secs)
    
[W 2023-02-28 16:22:49.722 ServerApp] iopub messages resumed
[I 2023-02-28 16:24:17.106 ServerApp] Saving file at /notebooks/02_trigger_db_s2p.ipynb
[I 2023-02-28 16:24:17.108 ServerApp] Saving 02_trigger_db_s2p.ipynb
[I 2023-02-28 17:10:28.962 ServerApp] Saving file at /notebooks/02_trigger_db_s2p.ipynb
[I 2023-02-28 17:10:28.964 ServerApp] Saving 02_trigger_db_s2p.ipynb
[I 2023-02-28 17:40:33.648 ServerApp] 302 GET /?token=d3f3bb76689a77413ca5b4335562bc2ed76b0fc6cb80a647 (127.0.0.1) 0.91ms
[W 2023-02-28 17:40:35.477 LabApp] Could not determine jupyterlab build status without nodejs
[I 2023-02-28 17:44:11.474 ServerApp] Kernel started: 7c546c6c-2c64-4d51-acd3-de6c883dec70
[I 2023-02-28 17:44:12.901 ServerApp] Kernel started: bd118b2c-c653-4e33-83ac-d444ed36932b
[I 2023-02-28 17:46:13.062 ServerApp] Saving file at /notebooks_phan/phan_test_db_connection.ipynb
[I 2023-02-28 17:46:13.064 ServerApp] Saving phan_test_db_connection.ipynb
[I 2023-02-28 18:07:29.083 ServerApp] Saving file at /notebooks/02_trigger_db_s2p.ipynb
[I 2023-02-28 18:07:29.084 ServerApp] Saving 02_trigger_db_s2p.ipynb
[I 2023-02-28 19:03:29.342 ServerApp] Saving file at /notebooks/02_trigger_db_s2p.ipynb
[I 2023-02-28 19:03:29.344 ServerApp] Saving 02_trigger_db_s2p.ipynb
[I 2023-02-28 19:27:28.739 ServerApp] Starting buffering for bd118b2c-c653-4e33-83ac-d444ed36932b:1f42e5a7-114b-4091-ab10-9e3dbbcd888b
[I 2023-02-28 19:27:28.741 ServerApp] Starting buffering for 7c546c6c-2c64-4d51-acd3-de6c883dec70:64e231fc-9d05-4a64-9674-61e59d6ea7e1
[I 2023-02-28 19:27:28.741 ServerApp] Starting buffering for 2efb19c9-0165-426b-85ac-5ffdafeb7651:414eed95-d975-4379-8883-4dac1a34d885
[I 2023-02-28 19:27:28.742 ServerApp] Starting buffering for 61718c39-112e-4657-8807-547d1eb25712:5a1a0ce0-0879-4b90-a8e1-e4dd528f6717
[I 2023-02-28 19:27:28.743 ServerApp] Starting buffering for dbdbd9eb-20ca-42b6-8f4e-a8d266c7d9c6:ed3c66a6-a6cb-4b0c-a2f6-370a897d2d1e
[I 2023-02-28 19:27:29.799 ServerApp] Restoring connection for 61718c39-112e-4657-8807-547d1eb25712:5a1a0ce0-0879-4b90-a8e1-e4dd528f6717
[I 2023-02-28 19:27:29.824 ServerApp] Restoring connection for dbdbd9eb-20ca-42b6-8f4e-a8d266c7d9c6:ed3c66a6-a6cb-4b0c-a2f6-370a897d2d1e
[I 2023-02-28 19:27:30.211 ServerApp] Starting buffering for dbdbd9eb-20ca-42b6-8f4e-a8d266c7d9c6:ed3c66a6-a6cb-4b0c-a2f6-370a897d2d1e
[I 2023-02-28 19:27:30.212 ServerApp] Starting buffering for 61718c39-112e-4657-8807-547d1eb25712:5a1a0ce0-0879-4b90-a8e1-e4dd528f6717
[I 2023-02-28 19:27:31.976 ServerApp] Restoring connection for dbdbd9eb-20ca-42b6-8f4e-a8d266c7d9c6:ed3c66a6-a6cb-4b0c-a2f6-370a897d2d1e
[I 2023-02-28 19:27:32.000 ServerApp] Restoring connection for 61718c39-112e-4657-8807-547d1eb25712:5a1a0ce0-0879-4b90-a8e1-e4dd528f6717
[I 2023-02-28 19:27:56.977 ServerApp] Restoring connection for 7c546c6c-2c64-4d51-acd3-de6c883dec70:64e231fc-9d05-4a64-9674-61e59d6ea7e1
[I 2023-02-28 19:27:58.969 ServerApp] Restoring connection for bd118b2c-c653-4e33-83ac-d444ed36932b:1f42e5a7-114b-4091-ab10-9e3dbbcd888b
[I 2023-02-28 19:27:58.994 ServerApp] Restoring connection for 2efb19c9-0165-426b-85ac-5ffdafeb7651:414eed95-d975-4379-8883-4dac1a34d885
[I 2023-02-28 19:28:08.623 ServerApp] Starting buffering for 2efb19c9-0165-426b-85ac-5ffdafeb7651:414eed95-d975-4379-8883-4dac1a34d885
[I 2023-02-28 19:28:08.623 ServerApp] Starting buffering for bd118b2c-c653-4e33-83ac-d444ed36932b:1f42e5a7-114b-4091-ab10-9e3dbbcd888b
[I 2023-02-28 19:28:08.625 ServerApp] Starting buffering for 7c546c6c-2c64-4d51-acd3-de6c883dec70:64e231fc-9d05-4a64-9674-61e59d6ea7e1
[I 2023-02-28 19:28:08.628 ServerApp] Starting buffering for 61718c39-112e-4657-8807-547d1eb25712:5a1a0ce0-0879-4b90-a8e1-e4dd528f6717
[I 2023-02-28 19:28:08.629 ServerApp] Starting buffering for dbdbd9eb-20ca-42b6-8f4e-a8d266c7d9c6:ed3c66a6-a6cb-4b0c-a2f6-370a897d2d1e
[I 2023-02-28 19:28:19.978 ServerApp] Restoring connection for bd118b2c-c653-4e33-83ac-d444ed36932b:1f42e5a7-114b-4091-ab10-9e3dbbcd888b
[I 2023-02-28 19:28:22.974 ServerApp] Restoring connection for 61718c39-112e-4657-8807-547d1eb25712:5a1a0ce0-0879-4b90-a8e1-e4dd528f6717
[I 2023-02-28 19:28:27.970 ServerApp] Restoring connection for dbdbd9eb-20ca-42b6-8f4e-a8d266c7d9c6:ed3c66a6-a6cb-4b0c-a2f6-370a897d2d1e
[I 2023-02-28 19:28:39.974 ServerApp] Restoring connection for 2efb19c9-0165-426b-85ac-5ffdafeb7651:414eed95-d975-4379-8883-4dac1a34d885
[I 2023-02-28 19:29:36.667 ServerApp] Starting buffering for 2efb19c9-0165-426b-85ac-5ffdafeb7651:414eed95-d975-4379-8883-4dac1a34d885
[I 2023-02-28 19:29:36.670 ServerApp] Starting buffering for dbdbd9eb-20ca-42b6-8f4e-a8d266c7d9c6:ed3c66a6-a6cb-4b0c-a2f6-370a897d2d1e
[I 2023-02-28 19:29:36.672 ServerApp] Starting buffering for 61718c39-112e-4657-8807-547d1eb25712:5a1a0ce0-0879-4b90-a8e1-e4dd528f6717
[I 2023-02-28 19:29:36.673 ServerApp] Starting buffering for 7c546c6c-2c64-4d51-acd3-de6c883dec70:898d1cb5-fdc2-4a01-a1e2-d10e72be01c2
[I 2023-02-28 19:29:37.695 ServerApp] Starting buffering for bd118b2c-c653-4e33-83ac-d444ed36932b:1f42e5a7-114b-4091-ab10-9e3dbbcd888b
[I 2023-02-28 19:29:38.784 ServerApp] Restoring connection for 2efb19c9-0165-426b-85ac-5ffdafeb7651:414eed95-d975-4379-8883-4dac1a34d885
[I 2023-02-28 19:29:38.859 ServerApp] Restoring connection for dbdbd9eb-20ca-42b6-8f4e-a8d266c7d9c6:ed3c66a6-a6cb-4b0c-a2f6-370a897d2d1e
[I 2023-02-28 19:29:38.892 ServerApp] Restoring connection for 61718c39-112e-4657-8807-547d1eb25712:5a1a0ce0-0879-4b90-a8e1-e4dd528f6717
[I 2023-02-28 19:29:38.925 ServerApp] Restoring connection for bd118b2c-c653-4e33-83ac-d444ed36932b:1f42e5a7-114b-4091-ab10-9e3dbbcd888b
[I 2023-02-28 19:30:41.875 ServerApp] Starting buffering for bd118b2c-c653-4e33-83ac-d444ed36932b:1f42e5a7-114b-4091-ab10-9e3dbbcd888b
[I 2023-02-28 19:30:41.876 ServerApp] Starting buffering for 61718c39-112e-4657-8807-547d1eb25712:5a1a0ce0-0879-4b90-a8e1-e4dd528f6717
[I 2023-02-28 19:30:41.878 ServerApp] Starting buffering for dbdbd9eb-20ca-42b6-8f4e-a8d266c7d9c6:ed3c66a6-a6cb-4b0c-a2f6-370a897d2d1e
[I 2023-02-28 19:30:41.881 ServerApp] Starting buffering for 2efb19c9-0165-426b-85ac-5ffdafeb7651:414eed95-d975-4379-8883-4dac1a34d885
[I 2023-02-28 19:30:41.882 ServerApp] Starting buffering for 7c546c6c-2c64-4d51-acd3-de6c883dec70:898d1cb5-fdc2-4a01-a1e2-d10e72be01c2
[I 2023-02-28 19:30:59.981 ServerApp] Restoring connection for 61718c39-112e-4657-8807-547d1eb25712:5a1a0ce0-0879-4b90-a8e1-e4dd528f6717
[I 2023-02-28 19:31:03.966 ServerApp] Restoring connection for bd118b2c-c653-4e33-83ac-d444ed36932b:1f42e5a7-114b-4091-ab10-9e3dbbcd888b
[I 2023-02-28 19:31:04.965 ServerApp] Restoring connection for 2efb19c9-0165-426b-85ac-5ffdafeb7651:414eed95-d975-4379-8883-4dac1a34d885
[I 2023-02-28 19:31:09.975 ServerApp] Restoring connection for dbdbd9eb-20ca-42b6-8f4e-a8d266c7d9c6:ed3c66a6-a6cb-4b0c-a2f6-370a897d2d1e
[I 2023-02-28 19:31:45.823 ServerApp] Starting buffering for dbdbd9eb-20ca-42b6-8f4e-a8d266c7d9c6:ed3c66a6-a6cb-4b0c-a2f6-370a897d2d1e
[I 2023-02-28 19:31:45.826 ServerApp] Starting buffering for bd118b2c-c653-4e33-83ac-d444ed36932b:1f42e5a7-114b-4091-ab10-9e3dbbcd888b
[I 2023-02-28 19:31:45.827 ServerApp] Starting buffering for 7c546c6c-2c64-4d51-acd3-de6c883dec70:64e231fc-9d05-4a64-9674-61e59d6ea7e1
[I 2023-02-28 19:31:45.828 ServerApp] Starting buffering for 61718c39-112e-4657-8807-547d1eb25712:5a1a0ce0-0879-4b90-a8e1-e4dd528f6717
[I 2023-02-28 19:31:45.830 ServerApp] Starting buffering for 2efb19c9-0165-426b-85ac-5ffdafeb7651:414eed95-d975-4379-8883-4dac1a34d885
[I 2023-02-28 19:39:29.541 ServerApp] Saving file at /notebooks/02_trigger_db_s2p.ipynb
[I 2023-02-28 19:39:29.543 ServerApp] Saving 02_trigger_db_s2p.ipynb
[I 2023-03-01 10:07:33.116 ServerApp] Saving file at /notebooks/02_trigger_db_s2p.ipynb
[I 2023-03-01 10:07:33.118 ServerApp] Saving 02_trigger_db_s2p.ipynb
[I 2023-03-01 10:09:33.180 ServerApp] Saving file at /notebooks/02_trigger_db_s2p.ipynb
[I 2023-03-01 10:09:33.182 ServerApp] Saving 02_trigger_db_s2p.ipynb
[I 2023-03-01 10:13:28.664 ServerApp] Saving file at /notebooks/02_trigger_db_s2p.ipynb
[I 2023-03-01 10:13:28.666 ServerApp] Saving 02_trigger_db_s2p.ipynb
[I 2023-03-01 10:13:34.711 ServerApp] Kernel restarted: f57e0d7c-ded2-4fe3-bd5b-2a06fbde2bd3
[I 2023-03-01 10:13:35.843 ServerApp] Starting buffering for f57e0d7c-ded2-4fe3-bd5b-2a06fbde2bd3:00d75195-9cc3-4a27-b0fe-780244aebc9b
[I 2023-03-01 10:13:35.849 ServerApp] Restoring connection for f57e0d7c-ded2-4fe3-bd5b-2a06fbde2bd3:00d75195-9cc3-4a27-b0fe-780244aebc9b
[I 2023-03-01 10:13:48.248 ServerApp] Saving file at /notebooks/02_trigger_db_s2p.ipynb
[I 2023-03-01 10:13:48.250 ServerApp] Saving 02_trigger_db_s2p.ipynb
[I 2023-03-01 10:13:52.855 ServerApp] Kernel restarted: f57e0d7c-ded2-4fe3-bd5b-2a06fbde2bd3
[I 2023-03-01 10:13:53.592 ServerApp] Starting buffering for f57e0d7c-ded2-4fe3-bd5b-2a06fbde2bd3:00d75195-9cc3-4a27-b0fe-780244aebc9b
[I 2023-03-01 10:13:53.597 ServerApp] Restoring connection for f57e0d7c-ded2-4fe3-bd5b-2a06fbde2bd3:00d75195-9cc3-4a27-b0fe-780244aebc9b
[W 2023-03-01 10:14:11.187 ServerApp] IOPub data rate exceeded.
    The Jupyter server will temporarily stop sending output
    to the client in order to avoid crashing it.
    To change this limit, set the config variable
    `--ServerApp.iopub_data_rate_limit`.
    
    Current values:
    ServerApp.iopub_data_rate_limit=1000000.0 (bytes/sec)
    ServerApp.rate_limit_window=3.0 (secs)
    
[W 2023-03-01 10:14:12.550 ServerApp] iopub messages resumed
[I 2023-03-01 10:15:48.303 ServerApp] Saving file at /notebooks/02_trigger_db_s2p.ipynb
[I 2023-03-01 10:15:48.305 ServerApp] Saving 02_trigger_db_s2p.ipynb
[W 2023-03-01 10:18:17.264 ServerApp] WebSocket ping timeout after 119998 ms.
[W 2023-03-01 10:18:17.303 ServerApp] WebSocket ping timeout after 119998 ms.
[W 2023-03-01 10:18:17.319 ServerApp] WebSocket ping timeout after 119998 ms.
[I 2023-03-01 10:18:22.266 ServerApp] Starting buffering for 4aeb785b-8169-4ed2-b59c-e9003450f1bb:7fbdee27-5a66-4166-9853-1e2aaab08b76
[I 2023-03-01 10:18:22.305 ServerApp] Starting buffering for 59292331-1b89-40e0-a147-ea6c7a93ce09:492dea86-7a4f-4a15-b124-83f8594f9cfc
[I 2023-03-01 10:18:22.320 ServerApp] Starting buffering for 6ab7b84d-697a-4896-9ddc-6394f4f45178:aa41f5bd-8522-4e28-9f23-3389bc50bd8a
[W 2023-03-01 10:18:23.598 ServerApp] WebSocket ping timeout after 119998 ms.
[I 2023-03-01 10:18:28.600 ServerApp] Starting buffering for f57e0d7c-ded2-4fe3-bd5b-2a06fbde2bd3:00d75195-9cc3-4a27-b0fe-780244aebc9b
[I 2023-03-01 10:40:42.773 ServerApp] Restoring connection for 2efb19c9-0165-426b-85ac-5ffdafeb7651:414eed95-d975-4379-8883-4dac1a34d885
[I 2023-03-01 10:40:43.752 ServerApp] Restoring connection for 7c546c6c-2c64-4d51-acd3-de6c883dec70:64e231fc-9d05-4a64-9674-61e59d6ea7e1
[I 2023-03-01 10:40:48.751 ServerApp] Restoring connection for bd118b2c-c653-4e33-83ac-d444ed36932b:1f42e5a7-114b-4091-ab10-9e3dbbcd888b
[I 2023-03-01 10:40:49.579 ServerApp] 302 GET /?token=d3f3bb76689a77413ca5b4335562bc2ed76b0fc6cb80a647 (127.0.0.1) 0.92ms
[W 2023-03-01 10:40:51.476 LabApp] Could not determine jupyterlab build status without nodejs
[I 2023-03-01 10:40:52.053 ServerApp] Restoring connection for 61718c39-112e-4657-8807-547d1eb25712:5a1a0ce0-0879-4b90-a8e1-e4dd528f6717
[I 2023-03-01 10:40:54.743 ServerApp] Restoring connection for dbdbd9eb-20ca-42b6-8f4e-a8d266c7d9c6:ed3c66a6-a6cb-4b0c-a2f6-370a897d2d1e
[I 2023-03-01 10:48:08.105 ServerApp] Starting buffering for 6ab7b84d-697a-4896-9ddc-6394f4f45178:c15f8d81-1482-4d65-bd6a-f269a9f49b0c
[I 2023-03-01 10:48:08.112 ServerApp] Starting buffering for 4aeb785b-8169-4ed2-b59c-e9003450f1bb:101dae25-1d64-497f-b2e4-1cf7ef02e276
[I 2023-03-01 10:48:08.113 ServerApp] Starting buffering for 61718c39-112e-4657-8807-547d1eb25712:5a1a0ce0-0879-4b90-a8e1-e4dd528f6717
[I 2023-03-01 10:48:08.114 ServerApp] Starting buffering for f57e0d7c-ded2-4fe3-bd5b-2a06fbde2bd3:adc54443-3b84-4ff4-80ff-095f5c853929
[I 2023-03-01 10:48:08.114 ServerApp] Starting buffering for dbdbd9eb-20ca-42b6-8f4e-a8d266c7d9c6:ed3c66a6-a6cb-4b0c-a2f6-370a897d2d1e
[I 2023-03-01 10:48:08.115 ServerApp] Starting buffering for 59292331-1b89-40e0-a147-ea6c7a93ce09:c6a6377a-5b84-4e5c-828f-8dc78259b073
[I 2023-03-01 10:48:08.116 ServerApp] Starting buffering for 2efb19c9-0165-426b-85ac-5ffdafeb7651:414eed95-d975-4379-8883-4dac1a34d885
[I 2023-03-01 10:48:08.116 ServerApp] Starting buffering for 7c546c6c-2c64-4d51-acd3-de6c883dec70:64e231fc-9d05-4a64-9674-61e59d6ea7e1
[I 2023-03-01 10:48:08.117 ServerApp] Starting buffering for bd118b2c-c653-4e33-83ac-d444ed36932b:1f42e5a7-114b-4091-ab10-9e3dbbcd888b
[I 2023-03-01 12:21:24.602 ServerApp] 302 GET / (127.0.0.1) 0.79ms
[W 2023-03-01 12:21:27.195 LabApp] Could not determine jupyterlab build status without nodejs
[I 2023-03-01 12:21:30.779 ServerApp] Discarding 2 buffered messages for f57e0d7c-ded2-4fe3-bd5b-2a06fbde2bd3:adc54443-3b84-4ff4-80ff-095f5c853929
[I 2023-03-01 12:21:44.033 ServerApp] Starting buffering for f57e0d7c-ded2-4fe3-bd5b-2a06fbde2bd3:82f20f22-29fc-496d-83b4-cf5c95e98c27
[I 2023-03-01 12:21:45.214 ServerApp] Starting buffering for 59292331-1b89-40e0-a147-ea6c7a93ce09:5f004105-bc50-4d5a-82f9-ef9606383ebf
[I 2023-03-01 12:22:24.664 ServerApp] Restoring connection for 7c546c6c-2c64-4d51-acd3-de6c883dec70:64e231fc-9d05-4a64-9674-61e59d6ea7e1
[I 2023-03-01 12:22:34.699 ServerApp] Restoring connection for dbdbd9eb-20ca-42b6-8f4e-a8d266c7d9c6:ed3c66a6-a6cb-4b0c-a2f6-370a897d2d1e
[I 2023-03-01 12:22:50.765 ServerApp] Restoring connection for 2efb19c9-0165-426b-85ac-5ffdafeb7651:414eed95-d975-4379-8883-4dac1a34d885
[I 2023-03-01 12:23:30.585 ServerApp] Saving file at /notebooks/00_configure.ipynb
[I 2023-03-01 12:23:30.587 ServerApp] Saving 00_configure.ipynb
[I 2023-03-01 12:23:57.995 ServerApp] Kernel restarted: 6ab7b84d-697a-4896-9ddc-6394f4f45178
[I 2023-03-01 12:25:30.649 ServerApp] Saving file at /notebooks/00_configure.ipynb
[I 2023-03-01 12:25:30.651 ServerApp] Saving 00_configure.ipynb
[I 2023-03-01 12:26:27.302 ServerApp] 302 GET /?token=d3f3bb76689a77413ca5b4335562bc2ed76b0fc6cb80a647 (127.0.0.1) 0.95ms
[W 2023-03-01 12:26:29.356 LabApp] Could not determine jupyterlab build status without nodejs
[I 2023-03-01 12:32:38.398 ServerApp] Starting buffering for 59292331-1b89-40e0-a147-ea6c7a93ce09:c6a6377a-5b84-4e5c-828f-8dc78259b073
[I 2023-03-01 12:32:38.403 ServerApp] Starting buffering for bd118b2c-c653-4e33-83ac-d444ed36932b:1f42e5a7-114b-4091-ab10-9e3dbbcd888b
[I 2023-03-01 12:32:38.403 ServerApp] Starting buffering for dbdbd9eb-20ca-42b6-8f4e-a8d266c7d9c6:ed3c66a6-a6cb-4b0c-a2f6-370a897d2d1e
[I 2023-03-01 12:32:38.405 ServerApp] Starting buffering for 61718c39-112e-4657-8807-547d1eb25712:5a1a0ce0-0879-4b90-a8e1-e4dd528f6717
[I 2023-03-01 12:32:38.406 ServerApp] Starting buffering for 7c546c6c-2c64-4d51-acd3-de6c883dec70:898d1cb5-fdc2-4a01-a1e2-d10e72be01c2
[I 2023-03-01 12:32:38.406 ServerApp] Starting buffering for 2efb19c9-0165-426b-85ac-5ffdafeb7651:414eed95-d975-4379-8883-4dac1a34d885
[I 2023-03-01 12:36:58.645 ServerApp] Restoring connection for 2efb19c9-0165-426b-85ac-5ffdafeb7651:414eed95-d975-4379-8883-4dac1a34d885
[I 2023-03-01 12:36:58.709 ServerApp] Restoring connection for 59292331-1b89-40e0-a147-ea6c7a93ce09:c6a6377a-5b84-4e5c-828f-8dc78259b073
[I 2023-03-01 12:36:58.757 ServerApp] Restoring connection for dbdbd9eb-20ca-42b6-8f4e-a8d266c7d9c6:ed3c66a6-a6cb-4b0c-a2f6-370a897d2d1e
[I 2023-03-01 12:38:21.408 ServerApp] Starting buffering for dbdbd9eb-20ca-42b6-8f4e-a8d266c7d9c6:ed3c66a6-a6cb-4b0c-a2f6-370a897d2d1e
[I 2023-03-01 12:38:21.409 ServerApp] Starting buffering for 7c546c6c-2c64-4d51-acd3-de6c883dec70:f5f2199f-9a59-489e-bb90-1dbe565bfaa8
[I 2023-03-01 12:38:21.410 ServerApp] Starting buffering for bd118b2c-c653-4e33-83ac-d444ed36932b:d61b7c0c-84bc-4e0e-9dde-f7fada1b8900
[I 2023-03-01 12:38:21.410 ServerApp] Starting buffering for 59292331-1b89-40e0-a147-ea6c7a93ce09:c6a6377a-5b84-4e5c-828f-8dc78259b073
[I 2023-03-01 12:38:21.413 ServerApp] Starting buffering for 2efb19c9-0165-426b-85ac-5ffdafeb7651:414eed95-d975-4379-8883-4dac1a34d885
[I 2023-03-01 12:38:21.413 ServerApp] Starting buffering for 61718c39-112e-4657-8807-547d1eb25712:3764c9f7-8fbd-4e01-902c-8df15f06fce5
[I 2023-03-01 12:43:51.185 ServerApp] Saving file at /notebooks/02_trigger_db_s2p.ipynb
[I 2023-03-01 12:43:51.187 ServerApp] Saving 02_trigger_db_s2p.ipynb
[W 2023-03-01 12:45:25.155 LabApp] Could not determine jupyterlab build status without nodejs
[I 2023-03-01 12:45:37.904 ServerApp] Kernel restarted: f57e0d7c-ded2-4fe3-bd5b-2a06fbde2bd3
[W 2023-03-01 12:45:58.441 ServerApp] WebSocket ping timeout after 119998 ms.
[W 2023-03-01 12:45:59.839 ServerApp] IOPub data rate exceeded.
    The Jupyter server will temporarily stop sending output
    to the client in order to avoid crashing it.
    To change this limit, set the config variable
    `--ServerApp.iopub_data_rate_limit`.
    
    Current values:
    ServerApp.iopub_data_rate_limit=1000000.0 (bytes/sec)
    ServerApp.rate_limit_window=3.0 (secs)
    
[W 2023-03-01 12:45:59.890 ServerApp] IOPub data rate exceeded.
    The Jupyter server will temporarily stop sending output
    to the client in order to avoid crashing it.
    To change this limit, set the config variable
    `--ServerApp.iopub_data_rate_limit`.
    
    Current values:
    ServerApp.iopub_data_rate_limit=1000000.0 (bytes/sec)
    ServerApp.rate_limit_window=3.0 (secs)
    
[W 2023-03-01 12:46:00.749 ServerApp] WebSocket ping timeout after 119998 ms.
[W 2023-03-01 12:46:01.628 ServerApp] iopub messages resumed
[W 2023-03-01 12:46:01.630 ServerApp] iopub messages resumed
[W 2023-03-01 12:46:21.695 ServerApp] WebSocket ping timeout after 119997 ms.
[I 2023-03-01 12:47:26.724 ServerApp] Saving file at /notebooks/02_trigger_db_s2p.ipynb
[I 2023-03-01 12:47:26.726 ServerApp] Saving 02_trigger_db_s2p.ipynb
[I 2023-03-01 13:33:26.959 ServerApp] Saving file at /notebooks/02_trigger_db_s2p.ipynb
[I 2023-03-01 13:33:26.961 ServerApp] Saving 02_trigger_db_s2p.ipynb
[I 2023-03-01 14:21:27.198 ServerApp] Saving file at /notebooks/02_trigger_db_s2p.ipynb
[I 2023-03-01 14:21:27.200 ServerApp] Saving 02_trigger_db_s2p.ipynb
[I 2023-03-01 14:24:55.336 ServerApp] Restoring connection for dbdbd9eb-20ca-42b6-8f4e-a8d266c7d9c6:ed3c66a6-a6cb-4b0c-a2f6-370a897d2d1e
[I 2023-03-01 14:24:55.361 ServerApp] Restoring connection for bd118b2c-c653-4e33-83ac-d444ed36932b:d61b7c0c-84bc-4e0e-9dde-f7fada1b8900
[I 2023-03-01 14:24:55.386 ServerApp] Restoring connection for 59292331-1b89-40e0-a147-ea6c7a93ce09:c6a6377a-5b84-4e5c-828f-8dc78259b073
[I 2023-03-01 14:25:01.376 ServerApp] Restoring connection for 2efb19c9-0165-426b-85ac-5ffdafeb7651:414eed95-d975-4379-8883-4dac1a34d885
[I 2023-03-01 15:09:27.430 ServerApp] Saving file at /notebooks/02_trigger_db_s2p.ipynb
[I 2023-03-01 15:09:27.432 ServerApp] Saving 02_trigger_db_s2p.ipynb
[I 2023-03-01 15:41:27.612 ServerApp] Saving file at /notebooks/02_trigger_db_s2p.ipynb
[I 2023-03-01 15:41:27.613 ServerApp] Saving 02_trigger_db_s2p.ipynb
[W 2023-03-01 15:47:01.346 ServerApp] WebSocket ping timeout after 119996 ms.
[W 2023-03-01 15:47:01.377 ServerApp] WebSocket ping timeout after 119998 ms.
[W 2023-03-01 15:47:02.347 ServerApp] WebSocket ping timeout after 119997 ms.
[W 2023-03-01 15:47:04.355 ServerApp] WebSocket ping timeout after 119997 ms.
[W 2023-03-01 15:47:06.340 ServerApp] WebSocket ping timeout after 119997 ms.
[I 2023-03-01 15:47:06.379 ServerApp] Starting buffering for 2efb19c9-0165-426b-85ac-5ffdafeb7651:414eed95-d975-4379-8883-4dac1a34d885
[W 2023-03-01 15:47:07.345 ServerApp] WebSocket ping timeout after 119996 ms.
[W 2023-03-01 15:47:07.386 ServerApp] WebSocket ping timeout after 119997 ms.
[W 2023-03-01 15:47:08.338 ServerApp] WebSocket ping timeout after 119997 ms.
[I 2023-03-01 15:47:12.388 ServerApp] Starting buffering for 61718c39-112e-4657-8807-547d1eb25712:3764c9f7-8fbd-4e01-902c-8df15f06fce5
[I 2023-03-01 15:47:13.340 ServerApp] Starting buffering for 7c546c6c-2c64-4d51-acd3-de6c883dec70:f5f2199f-9a59-489e-bb90-1dbe565bfaa8
[W 2023-03-01 15:47:25.337 ServerApp] WebSocket ping timeout after 119997 ms.
[W 2023-03-01 15:47:25.361 ServerApp] WebSocket ping timeout after 119997 ms.
[W 2023-03-01 15:47:25.387 ServerApp] WebSocket ping timeout after 119997 ms.
[W 2023-03-01 15:47:26.344 ServerApp] WebSocket ping timeout after 119998 ms.
[W 2023-03-01 15:47:27.340 ServerApp] WebSocket ping timeout after 119997 ms.
[I 2023-03-01 15:47:30.340 ServerApp] Starting buffering for dbdbd9eb-20ca-42b6-8f4e-a8d266c7d9c6:ed3c66a6-a6cb-4b0c-a2f6-370a897d2d1e
[I 2023-03-01 15:47:30.362 ServerApp] Starting buffering for bd118b2c-c653-4e33-83ac-d444ed36932b:d61b7c0c-84bc-4e0e-9dde-f7fada1b8900
[I 2023-03-01 15:47:30.388 ServerApp] Starting buffering for 59292331-1b89-40e0-a147-ea6c7a93ce09:c6a6377a-5b84-4e5c-828f-8dc78259b073
[I 2023-03-01 16:03:28.207 ServerApp] Saving file at /notebooks/02_trigger_db_s2p.ipynb
[I 2023-03-01 16:03:28.209 ServerApp] Saving 02_trigger_db_s2p.ipynb
[I 2023-03-01 16:08:53.504 ServerApp] Saving file at /notebooks/02_trigger_db_s2p.ipynb
[I 2023-03-01 16:08:53.506 ServerApp] Saving 02_trigger_db_s2p.ipynb
[I 2023-03-01 16:10:53.561 ServerApp] Saving file at /notebooks/02_trigger_db_s2p.ipynb
[I 2023-03-01 16:10:53.563 ServerApp] Saving 02_trigger_db_s2p.ipynb
[I 2023-03-01 16:24:53.675 ServerApp] Saving file at /notebooks/02_trigger_db_s2p.ipynb
[I 2023-03-01 16:24:53.677 ServerApp] Saving 02_trigger_db_s2p.ipynb
[I 2023-03-01 16:25:23.326 ServerApp] Kernel restarted: f57e0d7c-ded2-4fe3-bd5b-2a06fbde2bd3
[I 2023-03-01 16:25:24.456 ServerApp] Starting buffering for f57e0d7c-ded2-4fe3-bd5b-2a06fbde2bd3:650a82bd-ef36-4de0-b5d7-828cad8b1c3c
[I 2023-03-01 16:25:24.462 ServerApp] Restoring connection for f57e0d7c-ded2-4fe3-bd5b-2a06fbde2bd3:650a82bd-ef36-4de0-b5d7-828cad8b1c3c
[W 2023-03-01 16:25:56.720 ServerApp] IOPub data rate exceeded.
    The Jupyter server will temporarily stop sending output
    to the client in order to avoid crashing it.
    To change this limit, set the config variable
    `--ServerApp.iopub_data_rate_limit`.
    
    Current values:
    ServerApp.iopub_data_rate_limit=1000000.0 (bytes/sec)
    ServerApp.rate_limit_window=3.0 (secs)
    
[W 2023-03-01 16:25:56.722 ServerApp] iopub messages resumed
[I 2023-03-01 16:26:53.755 ServerApp] Saving file at /notebooks/02_trigger_db_s2p.ipynb
[I 2023-03-01 16:26:53.757 ServerApp] Saving 02_trigger_db_s2p.ipynb
[I 2023-03-01 16:27:01.061 ServerApp] Saving file at /notebooks/02_trigger_db_s2p.ipynb
[I 2023-03-01 16:27:01.062 ServerApp] Saving 02_trigger_db_s2p.ipynb
[I 2023-03-01 16:27:04.749 ServerApp] Kernel restarted: f57e0d7c-ded2-4fe3-bd5b-2a06fbde2bd3
[I 2023-03-01 16:27:05.877 ServerApp] Starting buffering for f57e0d7c-ded2-4fe3-bd5b-2a06fbde2bd3:650a82bd-ef36-4de0-b5d7-828cad8b1c3c
[I 2023-03-01 16:27:05.883 ServerApp] Restoring connection for f57e0d7c-ded2-4fe3-bd5b-2a06fbde2bd3:650a82bd-ef36-4de0-b5d7-828cad8b1c3c
[W 2023-03-01 16:27:39.157 ServerApp] IOPub data rate exceeded.
    The Jupyter server will temporarily stop sending output
    to the client in order to avoid crashing it.
    To change this limit, set the config variable
    `--ServerApp.iopub_data_rate_limit`.
    
    Current values:
    ServerApp.iopub_data_rate_limit=1000000.0 (bytes/sec)
    ServerApp.rate_limit_window=3.0 (secs)
    
[W 2023-03-01 16:27:39.159 ServerApp] iopub messages resumed
[I 2023-03-01 16:27:43.316 ServerApp] Saving file at /notebooks/02_trigger_db_s2p.ipynb
[I 2023-03-01 16:27:43.318 ServerApp] Saving 02_trigger_db_s2p.ipynb
[I 2023-03-01 16:33:43.419 ServerApp] Saving file at /notebooks/02_trigger_db_s2p.ipynb
[I 2023-03-01 16:33:43.421 ServerApp] Saving 02_trigger_db_s2p.ipynb
[I 2023-03-01 16:39:43.533 ServerApp] Saving file at /notebooks/02_trigger_db_s2p.ipynb
[I 2023-03-01 16:39:43.535 ServerApp] Saving 02_trigger_db_s2p.ipynb
[I 2023-03-01 16:45:43.646 ServerApp] Saving file at /notebooks/02_trigger_db_s2p.ipynb
[I 2023-03-01 16:45:43.648 ServerApp] Saving 02_trigger_db_s2p.ipynb
[I 2023-03-01 16:49:43.751 ServerApp] Saving file at /notebooks/02_trigger_db_s2p.ipynb
[I 2023-03-01 16:49:43.753 ServerApp] Saving 02_trigger_db_s2p.ipynb
[I 2023-03-01 16:55:43.863 ServerApp] Saving file at /notebooks/02_trigger_db_s2p.ipynb
[I 2023-03-01 16:55:43.865 ServerApp] Saving 02_trigger_db_s2p.ipynb
[I 2023-03-01 16:59:43.960 ServerApp] Saving file at /notebooks/02_trigger_db_s2p.ipynb
[I 2023-03-01 16:59:43.962 ServerApp] Saving 02_trigger_db_s2p.ipynb
[I 2023-03-01 17:05:44.057 ServerApp] Saving file at /notebooks/02_trigger_db_s2p.ipynb
[I 2023-03-01 17:05:44.059 ServerApp] Saving 02_trigger_db_s2p.ipynb
[I 2023-03-01 17:09:44.155 ServerApp] Saving file at /notebooks/02_trigger_db_s2p.ipynb
[I 2023-03-01 17:09:44.156 ServerApp] Saving 02_trigger_db_s2p.ipynb
[I 2023-03-01 17:15:44.267 ServerApp] Saving file at /notebooks/02_trigger_db_s2p.ipynb
[I 2023-03-01 17:15:44.269 ServerApp] Saving 02_trigger_db_s2p.ipynb
[I 2023-03-01 17:19:45.246 ServerApp] Saving file at /notebooks/02_trigger_db_s2p.ipynb
[I 2023-03-01 17:19:45.247 ServerApp] Saving 02_trigger_db_s2p.ipynb
[I 2023-03-01 17:23:45.341 ServerApp] Saving file at /notebooks/02_trigger_db_s2p.ipynb
[I 2023-03-01 17:23:45.342 ServerApp] Saving 02_trigger_db_s2p.ipynb
[I 2023-03-01 17:29:45.446 ServerApp] Saving file at /notebooks/02_trigger_db_s2p.ipynb
[I 2023-03-01 17:29:45.448 ServerApp] Saving 02_trigger_db_s2p.ipynb
[I 2023-03-01 17:33:45.549 ServerApp] Saving file at /notebooks/02_trigger_db_s2p.ipynb
[I 2023-03-01 17:33:45.551 ServerApp] Saving 02_trigger_db_s2p.ipynb
[I 2023-03-01 17:39:45.650 ServerApp] Saving file at /notebooks/02_trigger_db_s2p.ipynb
[I 2023-03-01 17:39:45.651 ServerApp] Saving 02_trigger_db_s2p.ipynb
[I 2023-03-01 17:43:45.760 ServerApp] Saving file at /notebooks/02_trigger_db_s2p.ipynb
[I 2023-03-01 17:43:45.762 ServerApp] Saving 02_trigger_db_s2p.ipynb
[I 2023-03-01 17:47:45.866 ServerApp] Saving file at /notebooks/02_trigger_db_s2p.ipynb
[I 2023-03-01 17:47:45.868 ServerApp] Saving 02_trigger_db_s2p.ipynb
[I 2023-03-01 17:53:45.980 ServerApp] Saving file at /notebooks/02_trigger_db_s2p.ipynb
[I 2023-03-01 17:53:45.981 ServerApp] Saving 02_trigger_db_s2p.ipynb
[I 2023-03-01 17:57:46.075 ServerApp] Saving file at /notebooks/02_trigger_db_s2p.ipynb
[I 2023-03-01 17:57:46.077 ServerApp] Saving 02_trigger_db_s2p.ipynb
[I 2023-03-01 18:01:46.178 ServerApp] Saving file at /notebooks/02_trigger_db_s2p.ipynb
[I 2023-03-01 18:01:46.179 ServerApp] Saving 02_trigger_db_s2p.ipynb
[I 2023-03-01 18:07:46.291 ServerApp] Saving file at /notebooks/02_trigger_db_s2p.ipynb
[I 2023-03-01 18:07:46.293 ServerApp] Saving 02_trigger_db_s2p.ipynb
[I 2023-03-01 18:11:46.388 ServerApp] Saving file at /notebooks/02_trigger_db_s2p.ipynb
[I 2023-03-01 18:11:46.390 ServerApp] Saving 02_trigger_db_s2p.ipynb
[I 2023-03-01 18:15:46.478 ServerApp] Saving file at /notebooks/02_trigger_db_s2p.ipynb
[I 2023-03-01 18:15:46.480 ServerApp] Saving 02_trigger_db_s2p.ipynb
[I 2023-03-01 18:21:46.585 ServerApp] Saving file at /notebooks/02_trigger_db_s2p.ipynb
[I 2023-03-01 18:21:46.587 ServerApp] Saving 02_trigger_db_s2p.ipynb
[I 2023-03-01 18:25:46.693 ServerApp] Saving file at /notebooks/02_trigger_db_s2p.ipynb
[I 2023-03-01 18:25:46.695 ServerApp] Saving 02_trigger_db_s2p.ipynb
[I 2023-03-01 18:29:46.799 ServerApp] Saving file at /notebooks/02_trigger_db_s2p.ipynb
[I 2023-03-01 18:29:46.801 ServerApp] Saving 02_trigger_db_s2p.ipynb
[I 2023-03-01 18:35:46.903 ServerApp] Saving file at /notebooks/02_trigger_db_s2p.ipynb
[I 2023-03-01 18:35:46.905 ServerApp] Saving 02_trigger_db_s2p.ipynb
[I 2023-03-01 18:39:47.017 ServerApp] Saving file at /notebooks/02_trigger_db_s2p.ipynb
[I 2023-03-01 18:39:47.018 ServerApp] Saving 02_trigger_db_s2p.ipynb
[I 2023-03-01 18:43:47.121 ServerApp] Saving file at /notebooks/02_trigger_db_s2p.ipynb
[I 2023-03-01 18:43:47.123 ServerApp] Saving 02_trigger_db_s2p.ipynb
[I 2023-03-01 18:49:47.243 ServerApp] Saving file at /notebooks/02_trigger_db_s2p.ipynb
[I 2023-03-01 18:49:47.245 ServerApp] Saving 02_trigger_db_s2p.ipynb
[I 2023-03-01 18:53:47.355 ServerApp] Saving file at /notebooks/02_trigger_db_s2p.ipynb
[I 2023-03-01 18:53:47.357 ServerApp] Saving 02_trigger_db_s2p.ipynb
[I 2023-03-01 18:57:47.459 ServerApp] Saving file at /notebooks/02_trigger_db_s2p.ipynb
[I 2023-03-01 18:57:47.461 ServerApp] Saving 02_trigger_db_s2p.ipynb
[I 2023-03-01 19:03:47.580 ServerApp] Saving file at /notebooks/02_trigger_db_s2p.ipynb
[I 2023-03-01 19:03:47.582 ServerApp] Saving 02_trigger_db_s2p.ipynb
[I 2023-03-01 19:07:47.678 ServerApp] Saving file at /notebooks/02_trigger_db_s2p.ipynb
[I 2023-03-01 19:07:47.680 ServerApp] Saving 02_trigger_db_s2p.ipynb
[I 2023-03-01 19:13:47.791 ServerApp] Saving file at /notebooks/02_trigger_db_s2p.ipynb
[I 2023-03-01 19:13:47.793 ServerApp] Saving 02_trigger_db_s2p.ipynb
[I 2023-03-01 19:17:47.895 ServerApp] Saving file at /notebooks/02_trigger_db_s2p.ipynb
[I 2023-03-01 19:17:47.897 ServerApp] Saving 02_trigger_db_s2p.ipynb
[I 2023-03-01 19:21:47.985 ServerApp] Saving file at /notebooks/02_trigger_db_s2p.ipynb
[I 2023-03-01 19:21:47.987 ServerApp] Saving 02_trigger_db_s2p.ipynb
[I 2023-03-01 19:37:24.548 ServerApp] 302 GET / (127.0.0.1) 0.74ms
[W 2023-03-01 19:37:28.823 LabApp] Could not determine jupyterlab build status without nodejs
[I 2023-03-01 19:38:54.514 ServerApp] Saving file at /notebooks/02_trigger_db_s2p.ipynb
[I 2023-03-01 19:38:54.516 ServerApp] Saving 02_trigger_db_s2p.ipynb
[I 2023-03-01 19:40:55.088 ServerApp] Saving file at /notebooks/02_trigger_db_s2p.ipynb
[I 2023-03-01 19:40:55.089 ServerApp] Saving 02_trigger_db_s2p.ipynb
[I 2023-03-01 19:41:02.345 ServerApp] Saving file at /notebooks/02_trigger_db_s2p.ipynb
[I 2023-03-01 19:41:02.347 ServerApp] Saving 02_trigger_db_s2p.ipynb
[I 2023-03-01 19:41:05.972 ServerApp] Kernel restarted: f57e0d7c-ded2-4fe3-bd5b-2a06fbde2bd3
[W 2023-03-01 19:41:27.109 ServerApp] IOPub data rate exceeded.
    The Jupyter server will temporarily stop sending output
    to the client in order to avoid crashing it.
    To change this limit, set the config variable
    `--ServerApp.iopub_data_rate_limit`.
    
    Current values:
    ServerApp.iopub_data_rate_limit=1000000.0 (bytes/sec)
    ServerApp.rate_limit_window=3.0 (secs)
    
[W 2023-03-01 19:41:27.184 ServerApp] IOPub data rate exceeded.
    The Jupyter server will temporarily stop sending output
    to the client in order to avoid crashing it.
    To change this limit, set the config variable
    `--ServerApp.iopub_data_rate_limit`.
    
    Current values:
    ServerApp.iopub_data_rate_limit=1000000.0 (bytes/sec)
    ServerApp.rate_limit_window=3.0 (secs)
    
[W 2023-03-01 19:41:27.578 ServerApp] iopub messages resumed
[W 2023-03-01 19:41:27.579 ServerApp] iopub messages resumed
[I 2023-03-01 19:42:52.184 ServerApp] Saving file at /notebooks/00_configure.ipynb
[I 2023-03-01 19:42:52.186 ServerApp] Saving 00_configure.ipynb
[I 2023-03-01 19:43:02.648 ServerApp] Saving file at /notebooks/02_trigger_db_s2p.ipynb
[I 2023-03-01 19:43:02.650 ServerApp] Saving 02_trigger_db_s2p.ipynb
[W 2023-03-01 19:43:34.582 ServerApp] delete /foo.txt
[I 2023-03-01 19:44:22.274 ServerApp] Saving file at /README.md
[W 2023-03-01 19:44:45.967 ServerApp] delete /ani07_2022-06-13_b
[W 2023-03-01 19:45:26.276 ServerApp] delete /home
[I 2023-03-01 19:46:22.756 ServerApp] Saving file at /notebooks/02_trigger_db_s2p.ipynb
[I 2023-03-01 19:46:22.758 ServerApp] Saving 02_trigger_db_s2p.ipynb
[I 2023-03-01 19:46:25.736 ServerApp] Kernel restarted: f57e0d7c-ded2-4fe3-bd5b-2a06fbde2bd3
[W 2023-03-01 19:46:45.666 ServerApp] IOPub data rate exceeded.
    The Jupyter server will temporarily stop sending output
    to the client in order to avoid crashing it.
    To change this limit, set the config variable
    `--ServerApp.iopub_data_rate_limit`.
    
    Current values:
    ServerApp.iopub_data_rate_limit=1000000.0 (bytes/sec)
    ServerApp.rate_limit_window=3.0 (secs)
    
[W 2023-03-01 19:46:45.719 ServerApp] IOPub data rate exceeded.
    The Jupyter server will temporarily stop sending output
    to the client in order to avoid crashing it.
    To change this limit, set the config variable
    `--ServerApp.iopub_data_rate_limit`.
    
    Current values:
    ServerApp.iopub_data_rate_limit=1000000.0 (bytes/sec)
    ServerApp.rate_limit_window=3.0 (secs)
    
[W 2023-03-01 19:46:45.721 ServerApp] iopub messages resumed
[W 2023-03-01 19:46:45.721 ServerApp] iopub messages resumed
[I 2023-03-01 19:48:23.923 ServerApp] Saving file at /notebooks/02_trigger_db_s2p.ipynb
[I 2023-03-01 19:48:23.925 ServerApp] Saving 02_trigger_db_s2p.ipynb
[I 2023-03-01 20:17:53.816 ServerApp] Kernel started: 44747bfd-6a0d-4f4b-856f-67a63f422f20
[I 2023-03-01 20:18:18.891 ServerApp] Kernel shutdown: 44747bfd-6a0d-4f4b-856f-67a63f422f20
[W 2023-03-01 20:18:19.252 ServerApp] delete /notebooks/test_db_connection.ipynb
[I 2023-03-01 20:18:39.262 ServerApp] Creating new directory in 
[I 2023-03-01 20:18:52.105 ServerApp] Creating new file in /docs
[I 2023-03-01 20:21:03.085 ServerApp] Saving file at /docs/dj_library_hacks.txt
[I 2023-03-01 20:23:03.252 ServerApp] Saving file at /docs/dj_library_hacks.txt
[I 2023-03-01 20:23:15.677 ServerApp] Saving file at /docs/dj_library_hacks.txt
[I 2023-03-01 20:25:16.870 ServerApp] Saving file at /docs/dj_library_hacks.txt
[I 2023-03-01 20:25:34.098 ServerApp] Saving file at /docs/dj_library_hacks.txt
[I 2023-03-01 20:27:16.619 ServerApp] Saving file at /docs/dj_library_hacks.txt
[I 2023-03-01 20:34:55.921 ServerApp] Saving file at /docs/dj_library_hacks.txt
[I 2023-03-01 20:35:04.980 ServerApp] Saving file at /docs/dj_library_hacks.txt
[I 2023-03-01 20:36:01.678 ServerApp] Saving file at /notebooks/02_trigger_db_s2p.ipynb
[I 2023-03-01 20:36:01.680 ServerApp] Saving 02_trigger_db_s2p.ipynb
[I 2023-03-01 20:37:05.240 ServerApp] Saving file at /docs/dj_library_hacks.txt
[I 2023-03-01 20:37:40.778 ServerApp] Saving file at /docs/dj_library_hacks.txt
[I 2023-03-01 20:37:41.574 ServerApp] Saving file at /docs/dj_library_hacks.txt
[I 2023-03-01 20:37:43.406 ServerApp] Saving file at /docs/dj_library_hacks.txt
[I 2023-03-01 20:39:26.408 ServerApp] Saving file at /docs/dj_library_hacks.txt
[I 2023-03-01 20:39:33.954 ServerApp] Saving file at /docs/dj_library_hacks.txt
[I 2023-03-01 20:39:53.467 ServerApp] Saving file at /docs/dj_library_hacks.txt
[I 2023-03-01 20:39:54.584 ServerApp] Saving file at /docs/dj_library_hacks.txt
[I 2023-03-01 20:40:00.000 ServerApp] Saving file at /docs/dj_library_hacks.txt
[I 2023-03-01 20:41:14.828 ServerApp] Saving file at /notebooks/02_trigger_db_s2p.ipynb
[I 2023-03-01 20:41:14.830 ServerApp] Saving 02_trigger_db_s2p.ipynb
[I 2023-03-01 21:27:15.372 ServerApp] Saving file at /notebooks/02_trigger_db_s2p.ipynb
[I 2023-03-01 21:27:15.374 ServerApp] Saving 02_trigger_db_s2p.ipynb
[I 2023-03-01 22:17:15.896 ServerApp] Saving file at /notebooks/02_trigger_db_s2p.ipynb
[I 2023-03-01 22:17:15.898 ServerApp] Saving 02_trigger_db_s2p.ipynb
[I 2023-03-01 22:45:16.442 ServerApp] Saving file at /notebooks/02_trigger_db_s2p.ipynb
[I 2023-03-01 22:45:16.444 ServerApp] Saving 02_trigger_db_s2p.ipynb
[I 2023-03-02 08:56:07.445 ServerApp] Saving file at /notebooks/02_trigger_db_s2p.ipynb
[I 2023-03-02 08:56:07.447 ServerApp] Saving 02_trigger_db_s2p.ipynb
[I 2023-03-02 08:56:30.301 ServerApp] Kernel restarted: f57e0d7c-ded2-4fe3-bd5b-2a06fbde2bd3
[I 2023-03-02 08:58:07.647 ServerApp] Saving file at /notebooks/02_trigger_db_s2p.ipynb
[I 2023-03-02 08:58:07.649 ServerApp] Saving 02_trigger_db_s2p.ipynb
[W 2023-03-02 08:59:04.909 ServerApp] IOPub data rate exceeded.
    The Jupyter server will temporarily stop sending output
    to the client in order to avoid crashing it.
    To change this limit, set the config variable
    `--ServerApp.iopub_data_rate_limit`.
    
    Current values:
    ServerApp.iopub_data_rate_limit=1000000.0 (bytes/sec)
    ServerApp.rate_limit_window=3.0 (secs)
    
[W 2023-03-02 08:59:04.960 ServerApp] IOPub data rate exceeded.
    The Jupyter server will temporarily stop sending output
    to the client in order to avoid crashing it.
    To change this limit, set the config variable
    `--ServerApp.iopub_data_rate_limit`.
    
    Current values:
    ServerApp.iopub_data_rate_limit=1000000.0 (bytes/sec)
    ServerApp.rate_limit_window=3.0 (secs)
    
[W 2023-03-02 08:59:06.941 ServerApp] iopub messages resumed
[W 2023-03-02 08:59:06.943 ServerApp] iopub messages resumed
[I 2023-03-02 08:59:53.725 ServerApp] Kernel interrupted: f57e0d7c-ded2-4fe3-bd5b-2a06fbde2bd3
[I 2023-03-02 08:59:55.405 ServerApp] Kernel interrupted: f57e0d7c-ded2-4fe3-bd5b-2a06fbde2bd3
[I 2023-03-02 08:59:55.608 ServerApp] Kernel interrupted: f57e0d7c-ded2-4fe3-bd5b-2a06fbde2bd3
[I 2023-03-02 08:59:55.826 ServerApp] Kernel interrupted: f57e0d7c-ded2-4fe3-bd5b-2a06fbde2bd3
[I 2023-03-02 08:59:56.031 ServerApp] Kernel interrupted: f57e0d7c-ded2-4fe3-bd5b-2a06fbde2bd3
[I 2023-03-02 09:00:00.670 ServerApp] Kernel restarted: f57e0d7c-ded2-4fe3-bd5b-2a06fbde2bd3
[I 2023-03-02 09:00:07.893 ServerApp] Saving file at /notebooks/02_trigger_db_s2p.ipynb
[I 2023-03-02 09:00:07.895 ServerApp] Saving 02_trigger_db_s2p.ipynb
[I 2023-03-02 09:00:58.230 ServerApp] Saving file at /notebooks/02_trigger_db_s2p.ipynb
[I 2023-03-02 09:00:58.231 ServerApp] Saving 02_trigger_db_s2p.ipynb
[I 2023-03-02 09:02:00.818 ServerApp] Kernel restarted: f57e0d7c-ded2-4fe3-bd5b-2a06fbde2bd3
[W 2023-03-02 09:02:18.656 ServerApp] IOPub data rate exceeded.
    The Jupyter server will temporarily stop sending output
    to the client in order to avoid crashing it.
    To change this limit, set the config variable
    `--ServerApp.iopub_data_rate_limit`.
    
    Current values:
    ServerApp.iopub_data_rate_limit=1000000.0 (bytes/sec)
    ServerApp.rate_limit_window=3.0 (secs)
    
[W 2023-03-02 09:02:18.709 ServerApp] IOPub data rate exceeded.
    The Jupyter server will temporarily stop sending output
    to the client in order to avoid crashing it.
    To change this limit, set the config variable
    `--ServerApp.iopub_data_rate_limit`.
    
    Current values:
    ServerApp.iopub_data_rate_limit=1000000.0 (bytes/sec)
    ServerApp.rate_limit_window=3.0 (secs)
    
[W 2023-03-02 09:02:18.712 ServerApp] iopub messages resumed
[W 2023-03-02 09:02:18.712 ServerApp] iopub messages resumed
[I 2023-03-02 09:02:58.475 ServerApp] Saving file at /notebooks/02_trigger_db_s2p.ipynb
[I 2023-03-02 09:02:58.477 ServerApp] Saving 02_trigger_db_s2p.ipynb
[I 2023-03-02 09:50:44.066 ServerApp] Saving file at /notebooks/02_trigger_db_s2p.ipynb
[I 2023-03-02 09:50:44.068 ServerApp] Saving 02_trigger_db_s2p.ipynb
[I 2023-03-02 10:40:44.338 ServerApp] Saving file at /notebooks/02_trigger_db_s2p.ipynb
[I 2023-03-02 10:40:44.340 ServerApp] Saving 02_trigger_db_s2p.ipynb
[I 2023-03-02 11:12:34.614 ServerApp] 302 GET /?token=d3f3bb76689a77413ca5b4335562bc2ed76b0fc6cb80a647 (127.0.0.1) 0.96ms
[W 2023-03-02 11:12:37.513 LabApp] Could not determine jupyterlab build status without nodejs
[I 2023-03-02 11:26:44.156 ServerApp] Saving file at /notebooks/02_trigger_db_s2p.ipynb
[I 2023-03-02 11:26:44.157 ServerApp] Saving 02_trigger_db_s2p.ipynb
[W 2023-03-02 11:32:32.984 LabApp] Could not determine jupyterlab build status without nodejs
[I 2023-03-02 11:50:53.280 ServerApp] Saving file at /notebooks/02_trigger_db_s2p.ipynb
[I 2023-03-02 11:50:53.282 ServerApp] Saving 02_trigger_db_s2p.ipynb
[I 2023-03-02 11:57:44.970 ServerApp] Saving file at /notebooks/check_s2p_out.ipynb
[I 2023-03-02 11:57:44.971 ServerApp] Saving check_s2p_out.ipynb
[I 2023-03-02 12:02:32.017 ServerApp] Saving file at /notebooks/02_trigger_db_s2p.ipynb
[I 2023-03-02 12:02:32.019 ServerApp] Saving 02_trigger_db_s2p.ipynb
[I 2023-03-02 12:07:27.748 ServerApp] Saving file at /notebooks/check_s2p_out.ipynb
[I 2023-03-02 12:07:27.749 ServerApp] Saving check_s2p_out.ipynb
[I 2023-03-02 12:07:30.950 ServerApp] Saving file at /notebooks/check_s2p_out.ipynb
[I 2023-03-02 12:07:30.952 ServerApp] Saving check_s2p_out.ipynb
[I 2023-03-02 12:08:01.437 ServerApp] Saving file at /notebooks/check_s2p_out.ipynb
[I 2023-03-02 12:08:01.438 ServerApp] Saving check_s2p_out.ipynb
[I 2023-03-02 12:12:03.622 ServerApp] Saving file at /notebooks/check_s2p_out.ipynb
[I 2023-03-02 12:12:03.623 ServerApp] Saving check_s2p_out.ipynb
[I 2023-03-02 12:13:22.969 ServerApp] Kernel restarted: 59292331-1b89-40e0-a147-ea6c7a93ce09
[I 2023-03-02 12:13:24.124 ServerApp] Starting buffering for 59292331-1b89-40e0-a147-ea6c7a93ce09:e47b171c-a82b-459b-a1a9-799f32f5f5d5
[I 2023-03-02 12:13:24.215 ServerApp] Restoring connection for 59292331-1b89-40e0-a147-ea6c7a93ce09:e47b171c-a82b-459b-a1a9-799f32f5f5d5
[I 2023-03-02 12:14:05.220 ServerApp] Saving file at /notebooks/check_s2p_out.ipynb
[I 2023-03-02 12:14:05.222 ServerApp] Saving check_s2p_out.ipynb
[I 2023-03-02 12:19:18.657 ServerApp] Saving file at /notebooks/02_trigger_db_s2p.ipynb
[I 2023-03-02 12:19:18.658 ServerApp] Saving 02_trigger_db_s2p.ipynb
[I 2023-03-02 12:19:29.709 ServerApp] Kernel restarted: f57e0d7c-ded2-4fe3-bd5b-2a06fbde2bd3
[I 2023-03-02 12:19:43.164 ServerApp] Saving file at /docs/dj_library_hacks.txt
[I 2023-03-02 12:19:49.971 ServerApp] Saving file at /docs/dj_library_hacks.txt
[I 2023-03-02 12:20:36.321 ServerApp] Saving file at /docs/dj_library_hacks.txt
[I 2023-03-02 12:20:45.787 ServerApp] Saving file at /notebooks/02_trigger_db_s2p.ipynb
[I 2023-03-02 12:20:45.789 ServerApp] Saving 02_trigger_db_s2p.ipynb
[I 2023-03-02 12:20:46.726 ServerApp] Starting buffering for 59292331-1b89-40e0-a147-ea6c7a93ce09:e47b171c-a82b-459b-a1a9-799f32f5f5d5
[I 2023-03-02 12:20:47.533 ServerApp] Saving file at /notebooks/02_trigger_db_s2p.ipynb
[I 2023-03-02 12:20:47.535 ServerApp] Saving 02_trigger_db_s2p.ipynb
[I 2023-03-02 12:20:59.600 ServerApp] Kernel interrupted: f57e0d7c-ded2-4fe3-bd5b-2a06fbde2bd3
[I 2023-03-02 12:21:01.244 ServerApp] Saving file at /notebooks/02_trigger_db_s2p.ipynb
[I 2023-03-02 12:21:01.246 ServerApp] Saving 02_trigger_db_s2p.ipynb
[I 2023-03-02 12:21:01.848 ServerApp] Saving file at /notebooks/02_trigger_db_s2p.ipynb
[I 2023-03-02 12:21:01.849 ServerApp] Saving 02_trigger_db_s2p.ipynb
[W 2023-03-02 12:21:16.477 ServerApp] delete /suite2p_fast_disk/suite2p
